{"meta": {"format": 3, "version": "7.10.1", "timestamp": "2026-07-29T21:39:46.943787", "branch_coverage": true, "show_contexts": false}, "files": {"src\\cascade\\__init__.py": {"executed_lines": [1, 2, 3, 4, 15], "summary": {"covered_lines": 5, "num_statements": 5, "percent_covered": 100.0, "percent_covered_display": "100", "missing_lines": 0, "excluded_lines": 0, "num_branches": 0, "num_partial_branches": 0, "covered_branches": 0, "missing_branches": 0}, "missing_lines": [], "excluded_lines": [], "executed_branches": [], "missing_branches": [], "functions": {"": {"executed_lines": [1, 2, 3, 4, 15], "summary": {"covered_lines": 5, "num_statements": 5, "percent_covered": 100.0, "percent_covered_display": "100", "missing_lines": 0, "excluded_lines": 0, "num_branches": 0, "num_partial_branches": 0, "covered_branches": 0, "missing_branches": 0}, "missing_lines": [], "excluded_lines": [], "executed_branches": [], "missing_branches": []}}, "classes": {"": {"executed_lines": [1, 2, 3, 4, 15], "summary": {"covered_lines": 5, "num_statements": 5, "percent_covered": 100.0, "percent_covered_display": "100", "missing_lines": 0, "excluded_lines": 0, "num_branches": 0, "num_partial_branches": 0, "covered_branches": 0, "missing_branches": 0}, "missing_lines": [], "excluded_lines": [], "executed_branches": [], "missing_branches": []}}}, "src\\cascade\\_ast_rewrite.py": {"executed_lines": [1, 29, 31, 32, 33, 34, 35, 36, 38, 40, 43, 44, 45, 47, 50, 52, 53, 54, 55, 58, 59, 60, 61, 62, 63, 64, 69, 70, 71, 72, 73, 74, 75, 76, 78, 79, 80, 81, 83, 84, 85, 88, 89, 90, 91, 92, 93, 94, 95, 97, 98, 99, 102, 106, 107, 108, 109, 110, 113, 114, 115, 116, 117, 118, 121, 122, 123, 124, 125, 126, 127, 129, 130, 131, 133, 134, 135, 136, 137, 139, 140, 141, 142, 143, 144, 145, 148, 149, 150, 151, 153, 154, 155, 156, 157, 158, 159, 160, 161, 163, 166, 169, 172, 175, 178, 179, 180, 181, 182, 183, 184, 185, 186, 187, 189, 192, 193, 194, 195, 196, 198, 199, 200, 201, 202, 203, 205, 206, 207, 218, 219, 220, 221, 223, 224, 226, 229, 230, 238, 239, 240, 241, 242, 243, 244, 245, 246, 247, 248, 249, 250, 253, 254, 255, 257, 259, 260, 262, 270, 271, 272, 273, 274, 277, 278, 284, 285, 286, 295, 296, 297, 309, 310, 311, 313, 314, 315, 316, 317, 318, 319, 320, 336, 337, 338, 341, 349, 350, 351, 352, 354, 355, 356, 357, 358, 359, 360, 365, 366, 369, 371, 374, 375, 376, 377, 382, 383, 384, 385, 386, 388, 389, 391, 392, 393, 398, 401, 402, 403, 405, 406, 407, 409, 410, 411, 412, 415, 418, 419, 433, 434, 435, 436, 437, 441, 442, 446, 449, 450, 451, 452, 453, 454, 455, 456, 457, 460, 461, 462, 463], "summary": {"covered_lines": 249, "num_statements": 267, "percent_covered": 91.39240506329114, "percent_covered_display": "91", "missing_lines": 18, "excluded_lines": 0, "num_branches": 128, "num_partial_branches": 16, "covered_branches": 112, "missing_branches": 16}, "missing_lines": [67, 96, 128, 147, 164, 167, 170, 216, 222, 252, 256, 258, 353, 387, 390, 404, 408, 464], "excluded_lines": [], "executed_branches": [[59, 60], [59, 61], [61, 62], [61, 63], [63, 64], [63, 69], [64, 63], [73, 74], [73, 75], [75, 76], [75, 78], [80, 81], [80, 83], [90, 91], [90, 99], [91, 92], [91, 93], [93, 94], [93, 95], [95, 97], [97, 90], [97, 98], [106, -102], [106, 107], [107, 108], [107, 109], [109, 106], [109, 110], [123, 124], [123, 131], [127, 129], [129, 130], [134, 135], [134, 151], [135, 136], [135, 149], [136, 137], [136, 139], [140, 141], [140, 148], [141, 142], [141, 144], [144, 145], [149, 134], [149, 150], [180, 181], [180, 182], [184, 185], [184, 186], [193, 194], [193, 195], [200, 201], [200, 202], [207, 218], [221, 223], [230, 238], [230, 239], [239, 240], [239, 241], [242, 243], [242, 254], [243, 244], [243, 245], [246, 247], [246, 253], [247, 248], [247, 249], [249, 250], [254, 255], [254, 260], [255, 257], [257, 259], [271, 272], [271, 295], [273, 274], [273, 277], [277, 278], [277, 284], [295, 296], [295, 297], [349, 350], [349, 351], [352, 354], [355, 356], [355, 357], [358, 359], [358, 360], [360, 365], [360, 366], [371, 374], [371, 375], [375, 376], [375, 377], [377, 382], [377, 412], [383, 384], [383, 385], [385, 386], [385, 403], [386, 388], [389, 391], [393, 398], [393, 401], [403, 405], [405, 406], [405, 410], [407, 409], [410, 411], [410, 412], [461, 462], [462, 461], [462, 463]], "missing_branches": [[64, 67], [95, 96], [127, 128], [129, 123], [144, 147], [207, 216], [221, 222], [249, 252], [255, 256], [257, 258], [352, 353], [386, 387], [389, 390], [403, 404], [407, 408], [461, 464]], "functions": {"rewrite_query": {"executed_lines": [52, 53, 54, 55], "summary": {"covered_lines": 4, "num_statements": 4, "percent_covered": 100.0, "percent_covered_display": "100", "missing_lines": 0, "excluded_lines": 0, "num_branches": 0, "num_partial_branches": 0, "covered_branches": 0, "missing_branches": 0}, "missing_lines": [], "excluded_lines": [], "executed_branches": [], "missing_branches": []}, "_rewrite": {"executed_lines": [59, 60, 61, 62, 63, 64, 69, 70, 71, 72, 73, 74, 75, 76, 78, 79, 80, 81, 83, 84, 85], "summary": {"covered_lines": 21, "num_statements": 22, "percent_covered": 94.44444444444444, "percent_covered_display": "94", "missing_lines": 1, "excluded_lines": 0, "num_branches": 14, "num_partial_branches": 1, "covered_branches": 13, "missing_branches": 1}, "missing_lines": [67], "excluded_lines": [], "executed_branches": [[59, 60], [59, 61], [61, 62], [61, 63], [63, 64], [63, 69], [64, 63], [73, 74], [73, 75], [75, 76], [75, 78], [80, 81], [80, 83]], "missing_branches": [[64, 67]]}, "_shadows_relevant_names": {"executed_lines": [89, 90, 91, 92, 93, 94, 95, 97, 98, 99], "summary": {"covered_lines": 10, "num_statements": 11, "percent_covered": 90.47619047619048, "percent_covered_display": "90", "missing_lines": 1, "excluded_lines": 0, "num_branches": 10, "num_partial_branches": 1, "covered_branches": 9, "missing_branches": 1}, "missing_lines": [96], "excluded_lines": [], "executed_branches": [[90, 91], [90, 99], [91, 92], [91, 93], [93, 94], [93, 95], [95, 97], [97, 90], [97, 98]], "missing_branches": [[95, 96]]}, "_strip_annotations": {"executed_lines": [106, 107, 108, 109, 110], "summary": {"covered_lines": 5, "num_statements": 5, "percent_covered": 100.0, "percent_covered_display": "100", "missing_lines": 0, "excluded_lines": 0, "num_branches": 6, "num_partial_branches": 0, "covered_branches": 6, "missing_branches": 0}, "missing_lines": [], "excluded_lines": [], "executed_branches": [[106, -102], [106, 107], [107, 108], [107, 109], [109, 106], [109, 110]], "missing_branches": []}, "_Rewriter.__init__": {"executed_lines": [115, 116, 117, 118], "summary": {"covered_lines": 4, "num_statements": 4, "percent_covered": 100.0, "percent_covered_display": "100", "missing_lines": 0, "excluded_lines": 0, "num_branches": 0, "num_partial_branches": 0, "covered_branches": 0, "missing_branches": 0}, "missing_lines": [], "excluded_lines": [], "executed_branches": [], "missing_branches": []}, "_Rewriter.rewrite_block": {"executed_lines": [122, 123, 124, 125, 126, 127, 129, 130, 131], "summary": {"covered_lines": 9, "num_statements": 10, "percent_covered": 81.25, "percent_covered_display": "81", "missing_lines": 1, "excluded_lines": 0, "num_branches": 6, "num_partial_branches": 2, "covered_branches": 4, "missing_branches": 2}, "missing_lines": [128], "excluded_lines": [], "executed_branches": [[123, 124], [123, 131], [127, 129], [129, 130]], "missing_branches": [[127, 128], [129, 123]]}, "_Rewriter._visit_compound": {"executed_lines": [134, 135, 136, 137, 139, 140, 141, 142, 143, 144, 145, 148, 149, 150, 151], "summary": {"covered_lines": 15, "num_statements": 16, "percent_covered": 93.33333333333333, "percent_covered_display": "93", "missing_lines": 1, "excluded_lines": 0, "num_branches": 14, "num_partial_branches": 1, "covered_branches": 13, "missing_branches": 1}, "missing_lines": [147], "excluded_lines": [], "executed_branches": [[134, 135], [134, 151], [135, 136], [135, 149], [136, 137], [136, 139], [140, 141], [140, 148], [141, 142], [141, 144], [144, 145], [149, 134], [149, 150]], "missing_branches": [[144, 147]]}, "_Rewriter.visit_AsyncFunctionDef": {"executed_lines": [], "summary": {"covered_lines": 0, "num_statements": 1, "percent_covered": 0.0, "percent_covered_display": "0", "missing_lines": 1, "excluded_lines": 0, "num_branches": 0, "num_partial_branches": 0, "covered_branches": 0, "missing_branches": 0}, "missing_lines": [164], "excluded_lines": [], "executed_branches": [], "missing_branches": []}, "_Rewriter.visit_AsyncFor": {"executed_lines": [], "summary": {"covered_lines": 0, "num_statements": 1, "percent_covered": 0.0, "percent_covered_display": "0", "missing_lines": 1, "excluded_lines": 0, "num_branches": 0, "num_partial_branches": 0, "covered_branches": 0, "missing_branches": 0}, "missing_lines": [167], "excluded_lines": [], "executed_branches": [], "missing_branches": []}, "_Rewriter.visit_AsyncWith": {"executed_lines": [], "summary": {"covered_lines": 0, "num_statements": 1, "percent_covered": 0.0, "percent_covered_display": "0", "missing_lines": 1, "excluded_lines": 0, "num_branches": 0, "num_partial_branches": 0, "covered_branches": 0, "missing_branches": 0}, "missing_lines": [170], "excluded_lines": [], "executed_branches": [], "missing_branches": []}, "_Rewriter.visit_Lambda": {"executed_lines": [175], "summary": {"covered_lines": 1, "num_statements": 1, "percent_covered": 100.0, "percent_covered_display": "100", "missing_lines": 0, "excluded_lines": 0, "num_branches": 0, "num_partial_branches": 0, "covered_branches": 0, "missing_branches": 0}, "missing_lines": [], "excluded_lines": [], "executed_branches": [], "missing_branches": []}, "_Rewriter.visit_Call": {"executed_lines": [179, 180, 181, 182, 183, 184, 185, 186, 187], "summary": {"covered_lines": 9, "num_statements": 9, "percent_covered": 100.0, "percent_covered_display": "100", "missing_lines": 0, "excluded_lines": 0, "num_branches": 4, "num_partial_branches": 0, "covered_branches": 4, "missing_branches": 0}, "missing_lines": [], "excluded_lines": [], "executed_branches": [[180, 181], [180, 182], [184, 185], [184, 186]], "missing_branches": []}, "_Rewriter.visit_ListComp": {"executed_lines": [192, 193, 194, 195, 196], "summary": {"covered_lines": 5, "num_statements": 5, "percent_covered": 100.0, "percent_covered_display": "100", "missing_lines": 0, "excluded_lines": 0, "num_branches": 2, "num_partial_branches": 0, "covered_branches": 2, "missing_branches": 0}, "missing_lines": [], "excluded_lines": [], "executed_branches": [[193, 194], [193, 195]], "missing_branches": []}, "_Rewriter.visit_SetComp": {"executed_lines": [199, 200, 201, 202, 203], "summary": {"covered_lines": 5, "num_statements": 5, "percent_covered": 100.0, "percent_covered_display": "100", "missing_lines": 0, "excluded_lines": 0, "num_branches": 2, "num_partial_branches": 0, "covered_branches": 2, "missing_branches": 0}, "missing_lines": [], "excluded_lines": [], "executed_branches": [[200, 201], [200, 202]], "missing_branches": []}, "_Rewriter.visit_DictComp": {"executed_lines": [206, 207, 218, 219, 220, 221, 223, 224], "summary": {"covered_lines": 8, "num_statements": 10, "percent_covered": 71.42857142857143, "percent_covered_display": "71", "missing_lines": 2, "excluded_lines": 0, "num_branches": 4, "num_partial_branches": 2, "covered_branches": 2, "missing_branches": 2}, "missing_lines": [216, 222], "excluded_lines": [], "executed_branches": [[207, 218], [221, 223]], "missing_branches": [[207, 216], [221, 222]]}, "_Rewriter._match_terminal": {"executed_lines": [229, 230, 238, 239, 240, 241, 242, 243, 244, 245, 246, 247, 248, 249, 250, 253, 254, 255, 257, 259, 260], "summary": {"covered_lines": 21, "num_statements": 24, "percent_covered": 86.36363636363636, "percent_covered_display": "86", "missing_lines": 3, "excluded_lines": 0, "num_branches": 20, "num_partial_branches": 3, "covered_branches": 17, "missing_branches": 3}, "missing_lines": [252, 256, 258], "excluded_lines": [], "executed_branches": [[230, 238], [230, 239], [239, 240], [239, 241], [242, 243], [242, 254], [243, 244], [243, 245], [246, 247], [246, 253], [247, 248], [247, 249], [249, 250], [254, 255], [254, 260], [255, 257], [257, 259]], "missing_branches": [[249, 252], [255, 256], [257, 258]]}, "_Rewriter._build_run_call": {"executed_lines": [270, 271, 272, 273, 274, 277, 278, 284, 285, 286, 295, 296, 297, 309, 310, 311], "summary": {"covered_lines": 16, "num_statements": 16, "percent_covered": 100.0, "percent_covered_display": "100", "missing_lines": 0, "excluded_lines": 0, "num_branches": 8, "num_partial_branches": 0, "covered_branches": 8, "missing_branches": 0}, "missing_lines": [], "excluded_lines": [], "executed_branches": [[271, 272], [271, 295], [273, 274], [273, 277], [277, 278], [277, 284], [295, 296], [295, 297]], "missing_branches": []}, "_Rewriter._synthesize": {"executed_lines": [314, 315, 316, 317, 318, 319, 320, 336, 337, 338], "summary": {"covered_lines": 10, "num_statements": 10, "percent_covered": 100.0, "percent_covered_display": "100", "missing_lines": 0, "excluded_lines": 0, "num_branches": 0, "num_partial_branches": 0, "covered_branches": 0, "missing_branches": 0}, "missing_lines": [], "excluded_lines": [], "executed_branches": [], "missing_branches": []}, "_decompose_comp": {"executed_lines": [349, 350, 351, 352, 354, 355, 356, 357, 358, 359, 360, 365, 366], "summary": {"covered_lines": 13, "num_statements": 14, "percent_covered": 91.66666666666667, "percent_covered_display": "92", "missing_lines": 1, "excluded_lines": 0, "num_branches": 10, "num_partial_branches": 1, "covered_branches": 9, "missing_branches": 1}, "missing_lines": [353], "excluded_lines": [], "executed_branches": [[349, 350], [349, 351], [352, 354], [355, 356], [355, 357], [358, 359], [358, 360], [360, 365], [360, 366]], "missing_branches": [[352, 353]]}, "_match_pipeline": {"executed_lines": [371, 374, 375, 376, 377, 382, 383, 384, 385, 386, 388, 389, 391, 392, 393, 398, 401, 402, 403, 405, 406, 407, 409, 410, 411, 412], "summary": {"covered_lines": 26, "num_statements": 30, "percent_covered": 85.18518518518519, "percent_covered_display": "85", "missing_lines": 4, "excluded_lines": 0, "num_branches": 24, "num_partial_branches": 4, "covered_branches": 20, "missing_branches": 4}, "missing_lines": [387, 390, 404, 408], "excluded_lines": [], "executed_branches": [[371, 374], [371, 375], [375, 376], [375, 377], [377, 382], [377, 412], [383, 384], [383, 385], [385, 386], [385, 403], [386, 388], [389, 391], [393, 398], [393, 401], [403, 405], [405, 406], [405, 410], [407, 409], [410, 411], [410, 412]], "missing_branches": [[386, 387], [389, 390], [403, 404], [407, 408]]}, "_compile": {"executed_lines": [418, 419, 433, 434, 435, 436, 437, 441, 442, 446, 449, 450, 451, 452, 453, 454, 455, 456, 457], "summary": {"covered_lines": 19, "num_statements": 19, "percent_covered": 100.0, "percent_covered_display": "100", "missing_lines": 0, "excluded_lines": 0, "num_branches": 0, "num_partial_branches": 0, "covered_branches": 0, "missing_branches": 0}, "missing_lines": [], "excluded_lines": [], "executed_branches": [], "missing_branches": []}, "_find_code": {"executed_lines": [461, 462, 463], "summary": {"covered_lines": 3, "num_statements": 4, "percent_covered": 75.0, "percent_covered_display": "75", "missing_lines": 1, "excluded_lines": 0, "num_branches": 4, "num_partial_branches": 1, "covered_branches": 3, "missing_branches": 1}, "missing_lines": [464], "excluded_lines": [], "executed_branches": [[461, 462], [462, 461], [462, 463]], "missing_branches": [[461, 464]]}, "": {"executed_lines": [1, 29, 31, 32, 33, 34, 35, 36, 38, 40, 43, 44, 45, 47, 50, 58, 88, 102, 113, 114, 121, 133, 153, 154, 155, 156, 157, 158, 159, 160, 161, 163, 166, 169, 172, 178, 189, 198, 205, 226, 262, 313, 341, 369, 415, 460], "summary": {"covered_lines": 45, "num_statements": 45, "percent_covered": 100.0, "percent_covered_display": "100", "missing_lines": 0, "excluded_lines": 0, "num_branches": 0, "num_partial_branches": 0, "covered_branches": 0, "missing_branches": 0}, "missing_lines": [], "excluded_lines": [], "executed_branches": [], "missing_branches": []}}, "classes": {"_Rewriter": {"executed_lines": [115, 116, 117, 118, 122, 123, 124, 125, 126, 127, 129, 130, 131, 134, 135, 136, 137, 139, 140, 141, 142, 143, 144, 145, 148, 149, 150, 151, 175, 179, 180, 181, 182, 183, 184, 185, 186, 187, 192, 193, 194, 195, 196, 199, 200, 201, 202, 203, 206, 207, 218, 219, 220, 221, 223, 224, 229, 230, 238, 239, 240, 241, 242, 243, 244, 245, 246, 247, 248, 249, 250, 253, 254, 255, 257, 259, 260, 270, 271, 272, 273, 274, 277, 278, 284, 285, 286, 295, 296, 297, 309, 310, 311, 314, 315, 316, 317, 318, 319, 320, 336, 337, 338], "summary": {"covered_lines": 103, "num_statements": 113, "percent_covered": 89.59537572254335, "percent_covered_display": "90", "missing_lines": 10, "excluded_lines": 0, "num_branches": 60, "num_partial_branches": 8, "covered_branches": 52, "missing_branches": 8}, "missing_lines": [128, 147, 164, 167, 170, 216, 222, 252, 256, 258], "excluded_lines": [], "executed_branches": [[123, 124], [123, 131], [127, 129], [129, 130], [134, 135], [134, 151], [135, 136], [135, 149], [136, 137], [136, 139], [140, 141], [140, 148], [141, 142], [141, 144], [144, 145], [149, 134], [149, 150], [180, 181], [180, 182], [184, 185], [184, 186], [193, 194], [193, 195], [200, 201], [200, 202], [207, 218], [221, 223], [230, 238], [230, 239], [239, 240], [239, 241], [242, 243], [242, 254], [243, 244], [243, 245], [246, 247], [246, 253], [247, 248], [247, 249], [249, 250], [254, 255], [254, 260], [255, 257], [257, 259], [271, 272], [271, 295], [273, 274], [273, 277], [277, 278], [277, 284], [295, 296], [295, 297]], "missing_branches": [[127, 128], [129, 123], [144, 147], [207, 216], [221, 222], [249, 252], [255, 256], [257, 258]]}, "": {"executed_lines": [1, 29, 31, 32, 33, 34, 35, 36, 38, 40, 43, 44, 45, 47, 50, 52, 53, 54, 55, 58, 59, 60, 61, 62, 63, 64, 69, 70, 71, 72, 73, 74, 75, 76, 78, 79, 80, 81, 83, 84, 85, 88, 89, 90, 91, 92, 93, 94, 95, 97, 98, 99, 102, 106, 107, 108, 109, 110, 113, 114, 121, 133, 153, 154, 155, 156, 157, 158, 159, 160, 161, 163, 166, 169, 172, 178, 189, 198, 205, 226, 262, 313, 341, 349, 350, 351, 352, 354, 355, 356, 357, 358, 359, 360, 365, 366, 369, 371, 374, 375, 376, 377, 382, 383, 384, 385, 386, 388, 389, 391, 392, 393, 398, 401, 402, 403, 405, 406, 407, 409, 410, 411, 412, 415, 418, 419, 433, 434, 435, 436, 437, 441, 442, 446, 449, 450, 451, 452, 453, 454, 455, 456, 457, 460, 461, 462, 463], "summary": {"covered_lines": 146, "num_statements": 154, "percent_covered": 92.7927927927928, "percent_covered_display": "93", "missing_lines": 8, "excluded_lines": 0, "num_branches": 68, "num_partial_branches": 8, "covered_branches": 60, "missing_branches": 8}, "missing_lines": [67, 96, 353, 387, 390, 404, 408, 464], "excluded_lines": [], "executed_branches": [[59, 60], [59, 61], [61, 62], [61, 63], [63, 64], [63, 69], [64, 63], [73, 74], [73, 75], [75, 76], [75, 78], [80, 81], [80, 83], [90, 91], [90, 99], [91, 92], [91, 93], [93, 94], [93, 95], [95, 97], [97, 90], [97, 98], [106, -102], [106, 107], [107, 108], [107, 109], [109, 106], [109, 110], [349, 350], [349, 351], [352, 354], [355, 356], [355, 357], [358, 359], [358, 360], [360, 365], [360, 366], [371, 374], [371, 375], [375, 376], [375, 377], [377, 382], [377, 412], [383, 384], [383, 385], [385, 386], [385, 403], [386, 388], [389, 391], [393, 398], [393, 401], [403, 405], [405, 406], [405, 410], [407, 409], [410, 411], [410, 412], [461, 462], [462, 461], [462, 463]], "missing_branches": [[64, 67], [95, 96], [352, 353], [386, 387], [389, 390], [403, 404], [407, 408], [461, 464]]}}}, "src\\cascade\\_canonical.py": {"executed_lines": [1, 9, 11, 12, 13, 14, 15, 17, 19, 20, 24, 29, 30, 31, 32, 33, 34, 35, 36, 37, 38, 39, 40, 42, 43, 46, 47, 48, 49, 52, 54, 55, 58, 60, 61, 62, 65, 66, 69, 71, 74, 75, 78, 79, 82, 83, 84, 90, 91, 92, 93, 94, 95, 96, 97, 98, 99, 100, 101, 102, 103, 104, 105, 106, 107, 108, 109, 110, 111, 112, 116, 117, 125, 126, 127, 136, 137, 138, 139, 140, 141, 142, 143, 144, 145, 147, 148, 157, 164, 165, 166, 169, 170, 171, 172, 173, 174, 177, 178, 179, 180, 181, 182, 184, 187, 188, 189, 190, 191, 192, 193, 194, 197, 198, 199, 200, 201, 202, 203, 204, 205, 206, 207, 208, 209, 210, 211, 212, 213, 214, 215, 219, 220, 221, 222, 223, 224, 230, 231, 232, 233, 234, 235, 239, 240, 241, 242, 243, 244, 245, 246, 247, 250, 251, 252, 255], "summary": {"covered_lines": 155, "num_statements": 155, "percent_covered": 100.0, "percent_covered_display": "100", "missing_lines": 0, "excluded_lines": 7, "num_branches": 72, "num_partial_branches": 0, "covered_branches": 72, "missing_branches": 0}, "missing_lines": [], "excluded_lines": [21, 22, 183, 216, 227, 236, 256], "executed_branches": [[47, 48], [47, 49], [91, 92], [91, 93], [94, 95], [94, 98], [95, 96], [95, 97], [98, 99], [98, 100], [100, 101], [100, 102], [102, 103], [102, 104], [104, 105], [104, 106], [106, 107], [106, 108], [108, 109], [108, 110], [110, 111], [110, 116], [116, 117], [116, 125], [125, 126], [125, 136], [136, 137], [136, 138], [138, 139], [138, 140], [140, 141], [140, 142], [142, 143], [142, 144], [144, 145], [144, 147], [147, 148], [147, 157], [172, 173], [172, 174], [180, 181], [180, 182], [188, 189], [188, 190], [190, 191], [190, 192], [192, 193], [192, 194], [199, 200], [199, 201], [201, 202], [201, 203], [203, 204], [203, 205], [205, 206], [205, 207], [207, 208], [207, 211], [211, 212], [211, 220], [220, 221], [220, 231], [231, 232], [231, 240], [240, 241], [240, 242], [242, 243], [242, 244], [244, 245], [244, 246], [246, 247], [246, 250]], "missing_branches": [], "functions": {"require_msgpack": {"executed_lines": [47, 48, 49], "summary": {"covered_lines": 3, "num_statements": 3, "percent_covered": 100.0, "percent_covered_display": "100", "missing_lines": 0, "excluded_lines": 0, "num_branches": 2, "num_partial_branches": 0, "covered_branches": 2, "missing_branches": 0}, "missing_lines": [], "excluded_lines": [], "executed_branches": [[47, 48], [47, 49]], "missing_branches": []}, "encode": {"executed_lines": [54, 55], "summary": {"covered_lines": 2, "num_statements": 2, "percent_covered": 100.0, "percent_covered_display": "100", "missing_lines": 0, "excluded_lines": 0, "num_branches": 0, "num_partial_branches": 0, "covered_branches": 0, "missing_branches": 0}, "missing_lines": [], "excluded_lines": [], "executed_branches": [], "missing_branches": []}, "decode": {"executed_lines": [60, 61, 62], "summary": {"covered_lines": 3, "num_statements": 3, "percent_covered": 100.0, "percent_covered_display": "100", "missing_lines": 0, "excluded_lines": 0, "num_branches": 0, "num_partial_branches": 0, "covered_branches": 0, "missing_branches": 0}, "missing_lines": [], "excluded_lines": [], "executed_branches": [], "missing_branches": []}, "digest_bytes": {"executed_lines": [66], "summary": {"covered_lines": 1, "num_statements": 1, "percent_covered": 100.0, "percent_covered_display": "100", "missing_lines": 0, "excluded_lines": 0, "num_branches": 0, "num_partial_branches": 0, "covered_branches": 0, "missing_branches": 0}, "missing_lines": [], "excluded_lines": [], "executed_branches": [], "missing_branches": []}, "value_digest": {"executed_lines": [71], "summary": {"covered_lines": 1, "num_statements": 1, "percent_covered": 100.0, "percent_covered_display": "100", "missing_lines": 0, "excluded_lines": 0, "num_branches": 0, "num_partial_branches": 0, "covered_branches": 0, "missing_branches": 0}, "missing_lines": [], "excluded_lines": [], "executed_branches": [], "missing_branches": []}, "_packed": {"executed_lines": [75], "summary": {"covered_lines": 1, "num_statements": 1, "percent_covered": 100.0, "percent_covered_display": "100", "missing_lines": 0, "excluded_lines": 0, "num_branches": 0, "num_partial_branches": 0, "covered_branches": 0, "missing_branches": 0}, "missing_lines": [], "excluded_lines": [], "executed_branches": [], "missing_branches": []}, "_ext": {"executed_lines": [79], "summary": {"covered_lines": 1, "num_statements": 1, "percent_covered": 100.0, "percent_covered_display": "100", "missing_lines": 0, "excluded_lines": 0, "num_branches": 0, "num_partial_branches": 0, "covered_branches": 0, "missing_branches": 0}, "missing_lines": [], "excluded_lines": [], "executed_branches": [], "missing_branches": []}, "_bigint_payload": {"executed_lines": [83, 84], "summary": {"covered_lines": 2, "num_statements": 2, "percent_covered": 100.0, "percent_covered_display": "100", "missing_lines": 0, "excluded_lines": 0, "num_branches": 0, "num_partial_branches": 0, "covered_branches": 0, "missing_branches": 0}, "missing_lines": [], "excluded_lines": [], "executed_branches": [], "missing_branches": []}, "_encode_node": {"executed_lines": [91, 92, 93, 94, 95, 96, 97, 98, 99, 100, 101, 102, 103, 104, 105, 106, 107, 108, 109, 110, 111, 112, 116, 117, 125, 126, 127, 136, 137, 138, 139, 140, 141, 142, 143, 144, 145, 147, 148, 157], "summary": {"covered_lines": 40, "num_statements": 40, "percent_covered": 100.0, "percent_covered_display": "100", "missing_lines": 0, "excluded_lines": 0, "num_branches": 36, "num_partial_branches": 0, "covered_branches": 36, "missing_branches": 0}, "missing_lines": [], "excluded_lines": [], "executed_branches": [[91, 92], [91, 93], [94, 95], [94, 98], [95, 96], [95, 97], [98, 99], [98, 100], [100, 101], [100, 102], [102, 103], [102, 104], [104, 105], [104, 106], [106, 107], [106, 108], [108, 109], [108, 110], [110, 111], [110, 116], [116, 117], [116, 125], [125, 126], [125, 136], [136, 137], [136, 138], [138, 139], [138, 140], [140, 141], [140, 142], [142, 143], [142, 144], [144, 145], [144, 147], [147, 148], [147, 157]], "missing_branches": []}, "_sorted_nodes": {"executed_lines": [165, 166], "summary": {"covered_lines": 2, "num_statements": 2, "percent_covered": 100.0, "percent_covered_display": "100", "missing_lines": 0, "excluded_lines": 0, "num_branches": 0, "num_partial_branches": 0, "covered_branches": 0, "missing_branches": 0}, "missing_lines": [], "excluded_lines": [], "executed_branches": [], "missing_branches": []}, "_encode_dict": {"executed_lines": [170, 171, 172, 173, 174], "summary": {"covered_lines": 5, "num_statements": 5, "percent_covered": 100.0, "percent_covered_display": "100", "missing_lines": 0, "excluded_lines": 0, "num_branches": 2, "num_partial_branches": 0, "covered_branches": 2, "missing_branches": 0}, "missing_lines": [], "excluded_lines": [], "executed_branches": [[172, 173], [172, 174]], "missing_branches": []}, "_resolve_type": {"executed_lines": [178, 179, 180, 181, 182, 184], "summary": {"covered_lines": 6, "num_statements": 6, "percent_covered": 100.0, "percent_covered_display": "100", "missing_lines": 0, "excluded_lines": 1, "num_branches": 2, "num_partial_branches": 0, "covered_branches": 2, "missing_branches": 0}, "missing_lines": [], "excluded_lines": [183], "executed_branches": [[180, 181], [180, 182]], "missing_branches": []}, "_decode_node": {"executed_lines": [188, 189, 190, 191, 192, 193, 194], "summary": {"covered_lines": 7, "num_statements": 7, "percent_covered": 100.0, "percent_covered_display": "100", "missing_lines": 0, "excluded_lines": 0, "num_branches": 6, "num_partial_branches": 0, "covered_branches": 6, "missing_branches": 0}, "missing_lines": [], "excluded_lines": [], "executed_branches": [[188, 189], [188, 190], [190, 191], [190, 192], [192, 193], [192, 194]], "missing_branches": []}, "_decode_ext": {"executed_lines": [198, 199, 200, 201, 202, 203, 204, 205, 206, 207, 208, 209, 210, 211, 212, 213, 214, 215, 219, 220, 221, 222, 223, 224, 230, 231, 232, 233, 234, 235, 239, 240, 241, 242, 243, 244, 245, 246, 247, 250, 251, 252, 255], "summary": {"covered_lines": 43, "num_statements": 43, "percent_covered": 100.0, "percent_covered_display": "100", "missing_lines": 0, "excluded_lines": 4, "num_branches": 24, "num_partial_branches": 0, "covered_branches": 24, "missing_branches": 0}, "missing_lines": [], "excluded_lines": [216, 227, 236, 256], "executed_branches": [[199, 200], [199, 201], [201, 202], [201, 203], [203, 204], [203, 205], [205, 206], [205, 207], [207, 208], [207, 211], [211, 212], [211, 220], [220, 221], [220, 231], [231, 232], [231, 240], [240, 241], [240, 242], [242, 243], [242, 244], [244, 245], [244, 246], [246, 247], [246, 250]], "missing_branches": []}, "": {"executed_lines": [1, 9, 11, 12, 13, 14, 15, 17, 19, 20, 24, 29, 30, 31, 32, 33, 34, 35, 36, 37, 38, 39, 40, 42, 43, 46, 52, 58, 65, 69, 74, 78, 82, 90, 164, 169, 177, 187, 197], "summary": {"covered_lines": 38, "num_statements": 38, "percent_covered": 100.0, "percent_covered_display": "100", "missing_lines": 0, "excluded_lines": 2, "num_branches": 0, "num_partial_branches": 0, "covered_branches": 0, "missing_branches": 0}, "missing_lines": [], "excluded_lines": [21, 22], "executed_branches": [], "missing_branches": []}}, "classes": {"": {"executed_lines": [1, 9, 11, 12, 13, 14, 15, 17, 19, 20, 24, 29, 30, 31, 32, 33, 34, 35, 36, 37, 38, 39, 40, 42, 43, 46, 47, 48, 49, 52, 54, 55, 58, 60, 61, 62, 65, 66, 69, 71, 74, 75, 78, 79, 82, 83, 84, 90, 91, 92, 93, 94, 95, 96, 97, 98, 99, 100, 101, 102, 103, 104, 105, 106, 107, 108, 109, 110, 111, 112, 116, 117, 125, 126, 127, 136, 137, 138, 139, 140, 141, 142, 143, 144, 145, 147, 148, 157, 164, 165, 166, 169, 170, 171, 172, 173, 174, 177, 178, 179, 180, 181, 182, 184, 187, 188, 189, 190, 191, 192, 193, 194, 197, 198, 199, 200, 201, 202, 203, 204, 205, 206, 207, 208, 209, 210, 211, 212, 213, 214, 215, 219, 220, 221, 222, 223, 224, 230, 231, 232, 233, 234, 235, 239, 240, 241, 242, 243, 244, 245, 246, 247, 250, 251, 252, 255], "summary": {"covered_lines": 155, "num_statements": 155, "percent_covered": 100.0, "percent_covered_display": "100", "missing_lines": 0, "excluded_lines": 7, "num_branches": 72, "num_partial_branches": 0, "covered_branches": 72, "missing_branches": 0}, "missing_lines": [], "excluded_lines": [21, 22, 183, 216, 227, 236, 256], "executed_branches": [[47, 48], [47, 49], [91, 92], [91, 93], [94, 95], [94, 98], [95, 96], [95, 97], [98, 99], [98, 100], [100, 101], [100, 102], [102, 103], [102, 104], [104, 105], [104, 106], [106, 107], [106, 108], [108, 109], [108, 110], [110, 111], [110, 116], [116, 117], [116, 125], [125, 126], [125, 136], [136, 137], [136, 138], [138, 139], [138, 140], [140, 141], [140, 142], [142, 143], [142, 144], [144, 145], [144, 147], [147, 148], [147, 157], [172, 173], [172, 174], [180, 181], [180, 182], [188, 189], [188, 190], [190, 191], [190, 192], [192, 193], [192, 194], [199, 200], [199, 201], [201, 202], [201, 203], [203, 204], [203, 205], [205, 206], [205, 207], [207, 208], [207, 211], [211, 212], [211, 220], [220, 221], [220, 231], [231, 232], [231, 240], [240, 241], [240, 242], [242, 243], [242, 244], [244, 245], [244, 246], [246, 247], [246, 250]], "missing_branches": []}}}, "src\\cascade\\_collections.py": {"executed_lines": [1, 30, 32, 33, 34, 35, 37, 39, 40, 41, 43, 46, 47, 55, 56, 57, 58, 59, 60, 62, 63, 64, 65, 66, 67, 69, 70, 71, 72, 74, 75, 76, 77, 78, 79, 81, 88, 89, 93, 94, 95, 97, 103, 104, 105, 106, 107, 108, 109, 110, 111, 112, 113, 115, 116, 117, 118, 119, 120, 121, 123, 124, 125, 126, 127, 128, 130, 131, 134, 135, 136, 137, 141, 142, 144, 151, 152, 153, 154, 155, 156, 157, 158, 162, 163, 164, 165, 166, 167, 168, 170, 171, 172, 173, 176, 179, 190, 191, 196, 197, 200, 201, 202, 203, 204, 205, 206, 207, 209, 212, 213, 214, 215, 217, 219, 220, 222, 224, 226, 227, 228, 229, 230, 231, 232, 236, 237, 240, 243, 244, 245, 248, 249, 250, 251, 255, 257, 259, 260, 262, 264, 266, 267, 268, 269, 270, 276, 277, 284, 287, 288, 295, 303, 304, 305, 306, 307, 308, 310, 311, 313, 314, 315, 317, 319, 321, 322, 323, 324, 326, 327, 328, 329, 332, 333, 334, 336, 337, 338, 339, 340, 342, 343, 344, 345, 347, 348, 349, 350, 351, 353, 354, 355, 356, 357, 358, 360, 361, 365, 366, 367, 369, 370, 371, 372, 373, 374, 375, 376, 378, 379, 380, 381, 382, 383, 384, 390, 391, 395, 396, 397, 398, 399, 401, 402, 403, 404, 408, 409, 410, 411, 412, 413, 414, 415, 416, 417, 419, 422, 423, 427, 429, 430, 432, 433, 437, 438, 439, 440, 441, 442, 443, 445, 446, 447, 449, 450, 451, 453, 454, 455, 456, 459, 460, 461, 463, 464, 465, 467, 468, 469, 471, 472, 473, 475, 476, 477, 479, 480, 481, 483, 484, 485, 487, 489, 490, 491, 494, 495, 496, 497, 500, 501, 503, 511, 512, 513, 514, 515, 517, 519, 520, 521, 523, 527, 528, 530, 531, 534, 535, 536, 537, 538, 540, 541, 542, 544, 545, 546, 547, 548, 550, 551, 552, 553, 555, 556, 557, 558, 560, 561, 562, 563, 564, 565, 566, 567, 569, 570, 571, 572, 573, 574, 575, 576, 578, 579, 580, 581, 582, 584, 585, 586, 587, 588, 589, 594, 595, 596, 598, 599, 600, 602, 603, 604, 606, 607, 608, 611, 612, 613, 615, 616, 617, 619, 620, 621, 624, 625, 631, 632, 633, 635, 636, 638, 639, 640, 642, 643, 644, 646, 647, 648, 650, 651, 652, 654, 655, 658, 659, 665, 667, 676, 677, 678, 679, 680, 682, 684, 685, 686, 688, 690, 693, 694, 695, 697, 698, 699, 700, 702, 703, 704, 705, 709, 710, 711, 712, 713, 714, 715, 716, 718, 719, 720, 721, 723, 724, 725, 726, 728, 729, 730, 731, 732, 734, 735, 736, 739, 740, 742, 743, 745, 746, 749, 750, 751, 753, 754, 755, 757, 758, 759, 761, 762, 763, 765, 766, 767, 769, 770, 771, 774], "summary": {"covered_lines": 466, "num_statements": 478, "percent_covered": 97.09897610921502, "percent_covered_display": "97", "missing_lines": 12, "excluded_lines": 0, "num_branches": 108, "num_partial_branches": 5, "covered_branches": 103, "missing_branches": 5}, "missing_lines": [90, 138, 199, 210, 241, 242, 265, 278, 279, 280, 281, 525], "excluded_lines": [], "executed_branches": [[63, 64], [63, 65], [65, 66], [65, 67], [89, 93], [105, 106], [105, 117], [107, 108], [107, 116], [109, 110], [109, 111], [111, 112], [111, 115], [117, 118], [117, 125], [119, 120], [119, 124], [120, 121], [120, 123], [126, 127], [126, 131], [127, 128], [127, 130], [135, 136], [136, 135], [136, 137], [155, 156], [155, 157], [170, 171], [170, 206], [172, 173], [172, 176], [176, 179], [176, 190], [190, 191], [200, 201], [200, 205], [203, 200], [203, 204], [206, 207], [206, 209], [219, -217], [219, 220], [227, 228], [227, 229], [230, 231], [230, 232], [232, 236], [232, 248], [248, 249], [248, 250], [251, -226], [251, 255], [259, 260], [264, 266], [268, 269], [268, 270], [306, 307], [306, 310], [370, 371], [370, 373], [382, 383], [382, 391], [396, 397], [396, 398], [402, 403], [402, 413], [409, 410], [409, 411], [440, 441], [440, 443], [450, 451], [450, 453], [454, 455], [454, 456], [495, 496], [495, 497], [514, 515], [514, 517], [535, 536], [535, 537], [545, 546], [545, 547], [562, 563], [562, 567], [563, 562], [563, 564], [564, 563], [564, 565], [571, 572], [571, 576], [572, 571], [572, 573], [573, 572], [573, 574], [679, 680], [679, 682], [710, 711], [710, 714], [711, 712], [711, 713], [729, 730], [729, 731]], "missing_branches": [[89, 90], [135, 138], [190, 199], [259, -257], [264, 265]], "functions": {"DiffLog.__init__": {"executed_lines": [56, 57, 58, 59, 60], "summary": {"covered_lines": 5, "num_statements": 5, "percent_covered": 100.0, "percent_covered_display": "100", "missing_lines": 0, "excluded_lines": 0, "num_branches": 0, "num_partial_branches": 0, "covered_branches": 0, "missing_branches": 0}, "missing_lines": [], "excluded_lines": [], "executed_branches": [], "missing_branches": []}, "DiffLog._empty": {"executed_lines": [63, 64, 65, 66, 67], "summary": {"covered_lines": 5, "num_statements": 5, "percent_covered": 100.0, "percent_covered_display": "100", "missing_lines": 0, "excluded_lines": 0, "num_branches": 4, "num_partial_branches": 0, "covered_branches": 4, "missing_branches": 0}, "missing_lines": [], "excluded_lines": [], "executed_branches": [[63, 64], [63, 65], [65, 66], [65, 67]], "missing_branches": []}, "DiffLog.head": {"executed_lines": [71, 72], "summary": {"covered_lines": 2, "num_statements": 2, "percent_covered": 100.0, "percent_covered_display": "100", "missing_lines": 0, "excluded_lines": 0, "num_branches": 0, "num_partial_branches": 0, "covered_branches": 0, "missing_branches": 0}, "missing_lines": [], "excluded_lines": [], "executed_branches": [], "missing_branches": []}, "DiffLog.append": {"executed_lines": [75, 76, 77, 78, 79], "summary": {"covered_lines": 5, "num_statements": 5, "percent_covered": 100.0, "percent_covered_display": "100", "missing_lines": 0, "excluded_lines": 0, "num_branches": 0, "num_partial_branches": 0, "covered_branches": 0, "missing_branches": 0}, "missing_lines": [], "excluded_lines": [], "executed_branches": [], "missing_branches": []}, "DiffLog.since": {"executed_lines": [88, 89, 93, 94, 95], "summary": {"covered_lines": 5, "num_statements": 6, "percent_covered": 75.0, "percent_covered_display": "75", "missing_lines": 1, "excluded_lines": 0, "num_branches": 2, "num_partial_branches": 1, "covered_branches": 1, "missing_branches": 1}, "missing_lines": [90], "excluded_lines": [], "executed_branches": [[89, 93]], "missing_branches": [[89, 90]]}, "DiffLog.contents_at": {"executed_lines": [103, 104, 105, 106, 107, 108, 109, 110, 111, 112, 113, 115, 116, 117, 118, 119, 120, 121, 123, 124, 125, 126, 127, 128, 130, 131], "summary": {"covered_lines": 26, "num_statements": 26, "percent_covered": 100.0, "percent_covered_display": "100", "missing_lines": 0, "excluded_lines": 0, "num_branches": 18, "num_partial_branches": 0, "covered_branches": 18, "missing_branches": 0}, "missing_lines": [], "excluded_lines": [], "executed_branches": [[105, 106], [105, 117], [107, 108], [107, 116], [109, 110], [109, 111], [111, 112], [111, 115], [117, 118], [117, 125], [119, 120], [119, 124], [120, 121], [120, 123], [126, 127], [126, 131], [127, 128], [127, 130]], "missing_branches": []}, "_uid_index": {"executed_lines": [135, 136, 137], "summary": {"covered_lines": 3, "num_statements": 4, "percent_covered": 75.0, "percent_covered_display": "75", "missing_lines": 1, "excluded_lines": 0, "num_branches": 4, "num_partial_branches": 1, "covered_branches": 3, "missing_branches": 1}, "missing_lines": [138], "excluded_lines": [], "executed_branches": [[135, 136], [136, 135], [136, 137]], "missing_branches": [[135, 138]]}, "_CollectionCore.__init__": {"executed_lines": [151, 152, 153, 154, 155, 156, 157, 158, 162, 163, 164, 165, 166, 167, 168, 170, 171, 172, 173, 176, 179, 190, 191, 196, 197, 200, 201, 202, 203, 204, 205, 206, 207, 209, 212, 213, 214, 215], "summary": {"covered_lines": 38, "num_statements": 39, "percent_covered": 96.36363636363636, "percent_covered_display": "96", "missing_lines": 1, "excluded_lines": 0, "num_branches": 16, "num_partial_branches": 1, "covered_branches": 15, "missing_branches": 1}, "missing_lines": [199], "excluded_lines": [], "executed_branches": [[155, 156], [155, 157], [170, 171], [170, 206], [172, 173], [172, 176], [176, 179], [176, 190], [190, 191], [200, 201], [200, 205], [203, 200], [203, 204], [206, 207], [206, 209]], "missing_branches": [[190, 199]]}, "_CollectionCore.__init__._head": {"executed_lines": [], "summary": {"covered_lines": 0, "num_statements": 1, "percent_covered": 0.0, "percent_covered_display": "0", "missing_lines": 1, "excluded_lines": 0, "num_branches": 0, "num_partial_branches": 0, "covered_branches": 0, "missing_branches": 0}, "missing_lines": [210], "excluded_lines": [], "executed_branches": [], "missing_branches": []}, "_CollectionCore.touch_read": {"executed_lines": [219, 220], "summary": {"covered_lines": 2, "num_statements": 2, "percent_covered": 100.0, "percent_covered_display": "100", "missing_lines": 0, "excluded_lines": 0, "num_branches": 2, "num_partial_branches": 0, "covered_branches": 2, "missing_branches": 0}, "missing_lines": [], "excluded_lines": [], "executed_branches": [[219, -217], [219, 220]], "missing_branches": []}, "_CollectionCore.head_for_current_context": {"executed_lines": [224], "summary": {"covered_lines": 1, "num_statements": 1, "percent_covered": 100.0, "percent_covered_display": "100", "missing_lines": 0, "excluded_lines": 0, "num_branches": 0, "num_partial_branches": 0, "covered_branches": 0, "missing_branches": 0}, "missing_lines": [], "excluded_lines": [], "executed_branches": [], "missing_branches": []}, "_CollectionCore.emit": {"executed_lines": [227, 228, 229, 230, 231, 232, 236, 237, 240, 243, 244, 245, 248, 249, 250, 251, 255], "summary": {"covered_lines": 17, "num_statements": 19, "percent_covered": 93.10344827586206, "percent_covered_display": "93", "missing_lines": 2, "excluded_lines": 0, "num_branches": 10, "num_partial_branches": 0, "covered_branches": 10, "missing_branches": 0}, "missing_lines": [241, 242], "excluded_lines": [], "executed_branches": [[227, 228], [227, 229], [230, 231], [230, 232], [232, 236], [232, 248], [248, 249], [248, 250], [251, -226], [251, 255]], "missing_branches": []}, "_CollectionCore._rollback": {"executed_lines": [259, 260], "summary": {"covered_lines": 2, "num_statements": 2, "percent_covered": 75.0, "percent_covered_display": "75", "missing_lines": 0, "excluded_lines": 0, "num_branches": 2, "num_partial_branches": 1, "covered_branches": 1, "missing_branches": 1}, "missing_lines": [], "excluded_lines": [], "executed_branches": [[259, 260]], "missing_branches": [[259, -257]]}, "_CollectionCore.compact": {"executed_lines": [264, 266, 267, 268, 269, 270, 276, 277, 284], "summary": {"covered_lines": 9, "num_statements": 14, "percent_covered": 66.66666666666667, "percent_covered_display": "67", "missing_lines": 5, "excluded_lines": 0, "num_branches": 4, "num_partial_branches": 1, "covered_branches": 3, "missing_branches": 1}, "missing_lines": [265, 278, 279, 280, 281], "excluded_lines": [], "executed_branches": [[264, 266], [268, 269], [268, 270]], "missing_branches": [[264, 265]]}, "CascadeList.__init__": {"executed_lines": [303, 304, 305, 306, 307, 308, 310, 311], "summary": {"covered_lines": 8, "num_statements": 8, "percent_covered": 100.0, "percent_covered_display": "100", "missing_lines": 0, "excluded_lines": 0, "num_branches": 2, "num_partial_branches": 0, "covered_branches": 2, "missing_branches": 0}, "missing_lines": [], "excluded_lines": [], "executed_branches": [[306, 307], [306, 310]], "missing_branches": []}, "CascadeList._reset_to": {"executed_lines": [314, 315], "summary": {"covered_lines": 2, "num_statements": 2, "percent_covered": 100.0, "percent_covered_display": "100", "missing_lines": 0, "excluded_lines": 0, "num_branches": 0, "num_partial_branches": 0, "covered_branches": 0, "missing_branches": 0}, "missing_lines": [], "excluded_lines": [], "executed_branches": [], "missing_branches": []}, "CascadeList.compact": {"executed_lines": [319], "summary": {"covered_lines": 1, "num_statements": 1, "percent_covered": 100.0, "percent_covered_display": "100", "missing_lines": 0, "excluded_lines": 0, "num_branches": 0, "num_partial_branches": 0, "covered_branches": 0, "missing_branches": 0}, "missing_lines": [], "excluded_lines": [], "executed_branches": [], "missing_branches": []}, "CascadeList._new_uid": {"executed_lines": [322, 323, 324], "summary": {"covered_lines": 3, "num_statements": 3, "percent_covered": 100.0, "percent_covered_display": "100", "missing_lines": 0, "excluded_lines": 0, "num_branches": 0, "num_partial_branches": 0, "covered_branches": 0, "missing_branches": 0}, "missing_lines": [], "excluded_lines": [], "executed_branches": [], "missing_branches": []}, "CascadeList._insert_diff": {"executed_lines": [327, 328, 329], "summary": {"covered_lines": 3, "num_statements": 3, "percent_covered": 100.0, "percent_covered_display": "100", "missing_lines": 0, "excluded_lines": 0, "num_branches": 0, "num_partial_branches": 0, "covered_branches": 0, "missing_branches": 0}, "missing_lines": [], "excluded_lines": [], "executed_branches": [], "missing_branches": []}, "CascadeList.append": {"executed_lines": [333, 334], "summary": {"covered_lines": 2, "num_statements": 2, "percent_covered": 100.0, "percent_covered_display": "100", "missing_lines": 0, "excluded_lines": 0, "num_branches": 0, "num_partial_branches": 0, "covered_branches": 0, "missing_branches": 0}, "missing_lines": [], "excluded_lines": [], "executed_branches": [], "missing_branches": []}, "CascadeList.extend": {"executed_lines": [337, 338, 339, 340], "summary": {"covered_lines": 4, "num_statements": 4, "percent_covered": 100.0, "percent_covered_display": "100", "missing_lines": 0, "excluded_lines": 0, "num_branches": 0, "num_partial_branches": 0, "covered_branches": 0, "missing_branches": 0}, "missing_lines": [], "excluded_lines": [], "executed_branches": [], "missing_branches": []}, "CascadeList.insert": {"executed_lines": [343, 344, 345], "summary": {"covered_lines": 3, "num_statements": 3, "percent_covered": 100.0, "percent_covered_display": "100", "missing_lines": 0, "excluded_lines": 0, "num_branches": 0, "num_partial_branches": 0, "covered_branches": 0, "missing_branches": 0}, "missing_lines": [], "excluded_lines": [], "executed_branches": [], "missing_branches": []}, "CascadeList.remove": {"executed_lines": [348, 349, 350, 351], "summary": {"covered_lines": 4, "num_statements": 4, "percent_covered": 100.0, "percent_covered_display": "100", "missing_lines": 0, "excluded_lines": 0, "num_branches": 0, "num_partial_branches": 0, "covered_branches": 0, "missing_branches": 0}, "missing_lines": [], "excluded_lines": [], "executed_branches": [], "missing_branches": []}, "CascadeList.pop": {"executed_lines": [354, 355, 356, 357, 358], "summary": {"covered_lines": 5, "num_statements": 5, "percent_covered": 100.0, "percent_covered_display": "100", "missing_lines": 0, "excluded_lines": 0, "num_branches": 0, "num_partial_branches": 0, "covered_branches": 0, "missing_branches": 0}, "missing_lines": [], "excluded_lines": [], "executed_branches": [], "missing_branches": []}, "CascadeList.clear": {"executed_lines": [361, 365, 366, 367], "summary": {"covered_lines": 4, "num_statements": 4, "percent_covered": 100.0, "percent_covered_display": "100", "missing_lines": 0, "excluded_lines": 0, "num_branches": 0, "num_partial_branches": 0, "covered_branches": 0, "missing_branches": 0}, "missing_lines": [], "excluded_lines": [], "executed_branches": [], "missing_branches": []}, "CascadeList.__setitem__": {"executed_lines": [370, 371, 372, 373, 374, 375, 376], "summary": {"covered_lines": 7, "num_statements": 7, "percent_covered": 100.0, "percent_covered_display": "100", "missing_lines": 0, "excluded_lines": 0, "num_branches": 2, "num_partial_branches": 0, "covered_branches": 2, "missing_branches": 0}, "missing_lines": [], "excluded_lines": [], "executed_branches": [[370, 371], [370, 373]], "missing_branches": []}, "CascadeList._set_slice": {"executed_lines": [379, 380, 381, 382, 383, 384, 390, 391, 395, 396, 397, 398, 399], "summary": {"covered_lines": 13, "num_statements": 13, "percent_covered": 100.0, "percent_covered_display": "100", "missing_lines": 0, "excluded_lines": 0, "num_branches": 4, "num_partial_branches": 0, "covered_branches": 4, "missing_branches": 0}, "missing_lines": [], "excluded_lines": [], "executed_branches": [[382, 383], [382, 391], [396, 397], [396, 398]], "missing_branches": []}, "CascadeList.__delitem__": {"executed_lines": [402, 403, 404, 408, 409, 410, 411, 412, 413, 414, 415, 416, 417], "summary": {"covered_lines": 13, "num_statements": 13, "percent_covered": 100.0, "percent_covered_display": "100", "missing_lines": 0, "excluded_lines": 0, "num_branches": 4, "num_partial_branches": 0, "covered_branches": 4, "missing_branches": 0}, "missing_lines": [], "excluded_lines": [], "executed_branches": [[402, 403], [402, 413], [409, 410], [409, 411]], "missing_branches": []}, "CascadeList.sort": {"executed_lines": [422, 423, 427], "summary": {"covered_lines": 3, "num_statements": 3, "percent_covered": 100.0, "percent_covered_display": "100", "missing_lines": 0, "excluded_lines": 0, "num_branches": 0, "num_partial_branches": 0, "covered_branches": 0, "missing_branches": 0}, "missing_lines": [], "excluded_lines": [], "executed_branches": [], "missing_branches": []}, "CascadeList.reverse": {"executed_lines": [430], "summary": {"covered_lines": 1, "num_statements": 1, "percent_covered": 100.0, "percent_covered_display": "100", "missing_lines": 0, "excluded_lines": 0, "num_branches": 0, "num_partial_branches": 0, "covered_branches": 0, "missing_branches": 0}, "missing_lines": [], "excluded_lines": [], "executed_branches": [], "missing_branches": []}, "CascadeList._reorder": {"executed_lines": [433, 437, 438, 439, 440, 441, 442, 443], "summary": {"covered_lines": 8, "num_statements": 8, "percent_covered": 100.0, "percent_covered_display": "100", "missing_lines": 0, "excluded_lines": 0, "num_branches": 2, "num_partial_branches": 0, "covered_branches": 2, "missing_branches": 0}, "missing_lines": [], "excluded_lines": [], "executed_branches": [[440, 441], [440, 443]], "missing_branches": []}, "CascadeList.__iadd__": {"executed_lines": [446, 447], "summary": {"covered_lines": 2, "num_statements": 2, "percent_covered": 100.0, "percent_covered_display": "100", "missing_lines": 0, "excluded_lines": 0, "num_branches": 0, "num_partial_branches": 0, "covered_branches": 0, "missing_branches": 0}, "missing_lines": [], "excluded_lines": [], "executed_branches": [], "missing_branches": []}, "CascadeList.__imul__": {"executed_lines": [450, 451, 453, 454, 455, 456], "summary": {"covered_lines": 6, "num_statements": 6, "percent_covered": 100.0, "percent_covered_display": "100", "missing_lines": 0, "excluded_lines": 0, "num_branches": 4, "num_partial_branches": 0, "covered_branches": 4, "missing_branches": 0}, "missing_lines": [], "excluded_lines": [], "executed_branches": [[450, 451], [450, 453], [454, 455], [454, 456]], "missing_branches": []}, "CascadeList.__iter__": {"executed_lines": [460, 461], "summary": {"covered_lines": 2, "num_statements": 2, "percent_covered": 100.0, "percent_covered_display": "100", "missing_lines": 0, "excluded_lines": 0, "num_branches": 0, "num_partial_branches": 0, "covered_branches": 0, "missing_branches": 0}, "missing_lines": [], "excluded_lines": [], "executed_branches": [], "missing_branches": []}, "CascadeList.__reversed__": {"executed_lines": [464, 465], "summary": {"covered_lines": 2, "num_statements": 2, "percent_covered": 100.0, "percent_covered_display": "100", "missing_lines": 0, "excluded_lines": 0, "num_branches": 0, "num_partial_branches": 0, "covered_branches": 0, "missing_branches": 0}, "missing_lines": [], "excluded_lines": [], "executed_branches": [], "missing_branches": []}, "CascadeList.__len__": {"executed_lines": [468, 469], "summary": {"covered_lines": 2, "num_statements": 2, "percent_covered": 100.0, "percent_covered_display": "100", "missing_lines": 0, "excluded_lines": 0, "num_branches": 0, "num_partial_branches": 0, "covered_branches": 0, "missing_branches": 0}, "missing_lines": [], "excluded_lines": [], "executed_branches": [], "missing_branches": []}, "CascadeList.__getitem__": {"executed_lines": [472, 473], "summary": {"covered_lines": 2, "num_statements": 2, "percent_covered": 100.0, "percent_covered_display": "100", "missing_lines": 0, "excluded_lines": 0, "num_branches": 0, "num_partial_branches": 0, "covered_branches": 0, "missing_branches": 0}, "missing_lines": [], "excluded_lines": [], "executed_branches": [], "missing_branches": []}, "CascadeList.__contains__": {"executed_lines": [476, 477], "summary": {"covered_lines": 2, "num_statements": 2, "percent_covered": 100.0, "percent_covered_display": "100", "missing_lines": 0, "excluded_lines": 0, "num_branches": 0, "num_partial_branches": 0, "covered_branches": 0, "missing_branches": 0}, "missing_lines": [], "excluded_lines": [], "executed_branches": [], "missing_branches": []}, "CascadeList.__eq__": {"executed_lines": [480, 481], "summary": {"covered_lines": 2, "num_statements": 2, "percent_covered": 100.0, "percent_covered_display": "100", "missing_lines": 0, "excluded_lines": 0, "num_branches": 0, "num_partial_branches": 0, "covered_branches": 0, "missing_branches": 0}, "missing_lines": [], "excluded_lines": [], "executed_branches": [], "missing_branches": []}, "CascadeList.__ne__": {"executed_lines": [484, 485], "summary": {"covered_lines": 2, "num_statements": 2, "percent_covered": 100.0, "percent_covered_display": "100", "missing_lines": 0, "excluded_lines": 0, "num_branches": 0, "num_partial_branches": 0, "covered_branches": 0, "missing_branches": 0}, "missing_lines": [], "excluded_lines": [], "executed_branches": [], "missing_branches": []}, "CascadeList.copy": {"executed_lines": [490, 491], "summary": {"covered_lines": 2, "num_statements": 2, "percent_covered": 100.0, "percent_covered_display": "100", "missing_lines": 0, "excluded_lines": 0, "num_branches": 0, "num_partial_branches": 0, "covered_branches": 0, "missing_branches": 0}, "missing_lines": [], "excluded_lines": [], "executed_branches": [], "missing_branches": []}, "_clamped_insert_index": {"executed_lines": [495, 496, 497], "summary": {"covered_lines": 3, "num_statements": 3, "percent_covered": 100.0, "percent_covered_display": "100", "missing_lines": 0, "excluded_lines": 0, "num_branches": 2, "num_partial_branches": 0, "covered_branches": 2, "missing_branches": 0}, "missing_lines": [], "excluded_lines": [], "executed_branches": [[495, 496], [495, 497]], "missing_branches": []}, "CascadeSet.__init__": {"executed_lines": [511, 512, 513, 514, 515, 517], "summary": {"covered_lines": 6, "num_statements": 6, "percent_covered": 100.0, "percent_covered_display": "100", "missing_lines": 0, "excluded_lines": 0, "num_branches": 2, "num_partial_branches": 0, "covered_branches": 2, "missing_branches": 0}, "missing_lines": [], "excluded_lines": [], "executed_branches": [[514, 515], [514, 517]], "missing_branches": []}, "CascadeSet._reset_to": {"executed_lines": [520, 521], "summary": {"covered_lines": 2, "num_statements": 2, "percent_covered": 100.0, "percent_covered_display": "100", "missing_lines": 0, "excluded_lines": 0, "num_branches": 0, "num_partial_branches": 0, "covered_branches": 0, "missing_branches": 0}, "missing_lines": [], "excluded_lines": [], "executed_branches": [], "missing_branches": []}, "CascadeSet.compact": {"executed_lines": [], "summary": {"covered_lines": 0, "num_statements": 1, "percent_covered": 0.0, "percent_covered_display": "0", "missing_lines": 1, "excluded_lines": 0, "num_branches": 0, "num_partial_branches": 0, "covered_branches": 0, "missing_branches": 0}, "missing_lines": [525], "excluded_lines": [], "executed_branches": [], "missing_branches": []}, "CascadeSet._emit_adds": {"executed_lines": [528], "summary": {"covered_lines": 1, "num_statements": 1, "percent_covered": 100.0, "percent_covered_display": "100", "missing_lines": 0, "excluded_lines": 0, "num_branches": 0, "num_partial_branches": 0, "covered_branches": 0, "missing_branches": 0}, "missing_lines": [], "excluded_lines": [], "executed_branches": [], "missing_branches": []}, "CascadeSet._emit_removes": {"executed_lines": [531], "summary": {"covered_lines": 1, "num_statements": 1, "percent_covered": 100.0, "percent_covered_display": "100", "missing_lines": 0, "excluded_lines": 0, "num_branches": 0, "num_partial_branches": 0, "covered_branches": 0, "missing_branches": 0}, "missing_lines": [], "excluded_lines": [], "executed_branches": [], "missing_branches": []}, "CascadeSet.add": {"executed_lines": [535, 536, 537, 538], "summary": {"covered_lines": 4, "num_statements": 4, "percent_covered": 100.0, "percent_covered_display": "100", "missing_lines": 0, "excluded_lines": 0, "num_branches": 2, "num_partial_branches": 0, "covered_branches": 2, "missing_branches": 0}, "missing_lines": [], "excluded_lines": [], "executed_branches": [[535, 536], [535, 537]], "missing_branches": []}, "CascadeSet.remove": {"executed_lines": [541, 542], "summary": {"covered_lines": 2, "num_statements": 2, "percent_covered": 100.0, "percent_covered_display": "100", "missing_lines": 0, "excluded_lines": 0, "num_branches": 0, "num_partial_branches": 0, "covered_branches": 0, "missing_branches": 0}, "missing_lines": [], "excluded_lines": [], "executed_branches": [], "missing_branches": []}, "CascadeSet.discard": {"executed_lines": [545, 546, 547, 548], "summary": {"covered_lines": 4, "num_statements": 4, "percent_covered": 100.0, "percent_covered_display": "100", "missing_lines": 0, "excluded_lines": 0, "num_branches": 2, "num_partial_branches": 0, "covered_branches": 2, "missing_branches": 0}, "missing_lines": [], "excluded_lines": [], "executed_branches": [[545, 546], [545, 547]], "missing_branches": []}, "CascadeSet.pop": {"executed_lines": [551, 552, 553], "summary": {"covered_lines": 3, "num_statements": 3, "percent_covered": 100.0, "percent_covered_display": "100", "missing_lines": 0, "excluded_lines": 0, "num_branches": 0, "num_partial_branches": 0, "covered_branches": 0, "missing_branches": 0}, "missing_lines": [], "excluded_lines": [], "executed_branches": [], "missing_branches": []}, "CascadeSet.clear": {"executed_lines": [556, 557, 558], "summary": {"covered_lines": 3, "num_statements": 3, "percent_covered": 100.0, "percent_covered_display": "100", "missing_lines": 0, "excluded_lines": 0, "num_branches": 0, "num_partial_branches": 0, "covered_branches": 0, "missing_branches": 0}, "missing_lines": [], "excluded_lines": [], "executed_branches": [], "missing_branches": []}, "CascadeSet.update": {"executed_lines": [561, 562, 563, 564, 565, 566, 567], "summary": {"covered_lines": 7, "num_statements": 7, "percent_covered": 100.0, "percent_covered_display": "100", "missing_lines": 0, "excluded_lines": 0, "num_branches": 6, "num_partial_branches": 0, "covered_branches": 6, "missing_branches": 0}, "missing_lines": [], "excluded_lines": [], "executed_branches": [[562, 563], [562, 567], [563, 562], [563, 564], [564, 563], [564, 565]], "missing_branches": []}, "CascadeSet.difference_update": {"executed_lines": [570, 571, 572, 573, 574, 575, 576], "summary": {"covered_lines": 7, "num_statements": 7, "percent_covered": 100.0, "percent_covered_display": "100", "missing_lines": 0, "excluded_lines": 0, "num_branches": 6, "num_partial_branches": 0, "covered_branches": 6, "missing_branches": 0}, "missing_lines": [], "excluded_lines": [], "executed_branches": [[571, 572], [571, 576], [572, 571], [572, 573], [573, 572], [573, 574]], "missing_branches": []}, "CascadeSet.intersection_update": {"executed_lines": [579, 580, 581, 582], "summary": {"covered_lines": 4, "num_statements": 4, "percent_covered": 100.0, "percent_covered_display": "100", "missing_lines": 0, "excluded_lines": 0, "num_branches": 0, "num_partial_branches": 0, "covered_branches": 0, "missing_branches": 0}, "missing_lines": [], "excluded_lines": [], "executed_branches": [], "missing_branches": []}, "CascadeSet.symmetric_difference_update": {"executed_lines": [585, 586, 587, 588, 589], "summary": {"covered_lines": 5, "num_statements": 5, "percent_covered": 100.0, "percent_covered_display": "100", "missing_lines": 0, "excluded_lines": 0, "num_branches": 0, "num_partial_branches": 0, "covered_branches": 0, "missing_branches": 0}, "missing_lines": [], "excluded_lines": [], "executed_branches": [], "missing_branches": []}, "CascadeSet.__ior__": {"executed_lines": [595, 596], "summary": {"covered_lines": 2, "num_statements": 2, "percent_covered": 100.0, "percent_covered_display": "100", "missing_lines": 0, "excluded_lines": 0, "num_branches": 0, "num_partial_branches": 0, "covered_branches": 0, "missing_branches": 0}, "missing_lines": [], "excluded_lines": [], "executed_branches": [], "missing_branches": []}, "CascadeSet.__isub__": {"executed_lines": [599, 600], "summary": {"covered_lines": 2, "num_statements": 2, "percent_covered": 100.0, "percent_covered_display": "100", "missing_lines": 0, "excluded_lines": 0, "num_branches": 0, "num_partial_branches": 0, "covered_branches": 0, "missing_branches": 0}, "missing_lines": [], "excluded_lines": [], "executed_branches": [], "missing_branches": []}, "CascadeSet.__iand__": {"executed_lines": [603, 604], "summary": {"covered_lines": 2, "num_statements": 2, "percent_covered": 100.0, "percent_covered_display": "100", "missing_lines": 0, "excluded_lines": 0, "num_branches": 0, "num_partial_branches": 0, "covered_branches": 0, "missing_branches": 0}, "missing_lines": [], "excluded_lines": [], "executed_branches": [], "missing_branches": []}, "CascadeSet.__ixor__": {"executed_lines": [607, 608], "summary": {"covered_lines": 2, "num_statements": 2, "percent_covered": 100.0, "percent_covered_display": "100", "missing_lines": 0, "excluded_lines": 0, "num_branches": 0, "num_partial_branches": 0, "covered_branches": 0, "missing_branches": 0}, "missing_lines": [], "excluded_lines": [], "executed_branches": [], "missing_branches": []}, "CascadeSet.__iter__": {"executed_lines": [612, 613], "summary": {"covered_lines": 2, "num_statements": 2, "percent_covered": 100.0, "percent_covered_display": "100", "missing_lines": 0, "excluded_lines": 0, "num_branches": 0, "num_partial_branches": 0, "covered_branches": 0, "missing_branches": 0}, "missing_lines": [], "excluded_lines": [], "executed_branches": [], "missing_branches": []}, "CascadeSet.__len__": {"executed_lines": [616, 617], "summary": {"covered_lines": 2, "num_statements": 2, "percent_covered": 100.0, "percent_covered_display": "100", "missing_lines": 0, "excluded_lines": 0, "num_branches": 0, "num_partial_branches": 0, "covered_branches": 0, "missing_branches": 0}, "missing_lines": [], "excluded_lines": [], "executed_branches": [], "missing_branches": []}, "CascadeSet.__contains__": {"executed_lines": [620, 621], "summary": {"covered_lines": 2, "num_statements": 2, "percent_covered": 100.0, "percent_covered_display": "100", "missing_lines": 0, "excluded_lines": 0, "num_branches": 0, "num_partial_branches": 0, "covered_branches": 0, "missing_branches": 0}, "missing_lines": [], "excluded_lines": [], "executed_branches": [], "missing_branches": []}, "_CascadeDictView.__init__": {"executed_lines": [632, 633], "summary": {"covered_lines": 2, "num_statements": 2, "percent_covered": 100.0, "percent_covered_display": "100", "missing_lines": 0, "excluded_lines": 0, "num_branches": 0, "num_partial_branches": 0, "covered_branches": 0, "missing_branches": 0}, "missing_lines": [], "excluded_lines": [], "executed_branches": [], "missing_branches": []}, "_CascadeDictView._raw": {"executed_lines": [636], "summary": {"covered_lines": 1, "num_statements": 1, "percent_covered": 100.0, "percent_covered_display": "100", "missing_lines": 0, "excluded_lines": 0, "num_branches": 0, "num_partial_branches": 0, "covered_branches": 0, "missing_branches": 0}, "missing_lines": [], "excluded_lines": [], "executed_branches": [], "missing_branches": []}, "_CascadeDictView.__iter__": {"executed_lines": [639, 640], "summary": {"covered_lines": 2, "num_statements": 2, "percent_covered": 100.0, "percent_covered_display": "100", "missing_lines": 0, "excluded_lines": 0, "num_branches": 0, "num_partial_branches": 0, "covered_branches": 0, "missing_branches": 0}, "missing_lines": [], "excluded_lines": [], "executed_branches": [], "missing_branches": []}, "_CascadeDictView.__reversed__": {"executed_lines": [643, 644], "summary": {"covered_lines": 2, "num_statements": 2, "percent_covered": 100.0, "percent_covered_display": "100", "missing_lines": 0, "excluded_lines": 0, "num_branches": 0, "num_partial_branches": 0, "covered_branches": 0, "missing_branches": 0}, "missing_lines": [], "excluded_lines": [], "executed_branches": [], "missing_branches": []}, "_CascadeDictView.__len__": {"executed_lines": [647, 648], "summary": {"covered_lines": 2, "num_statements": 2, "percent_covered": 100.0, "percent_covered_display": "100", "missing_lines": 0, "excluded_lines": 0, "num_branches": 0, "num_partial_branches": 0, "covered_branches": 0, "missing_branches": 0}, "missing_lines": [], "excluded_lines": [], "executed_branches": [], "missing_branches": []}, "_CascadeDictView.__contains__": {"executed_lines": [651, 652], "summary": {"covered_lines": 2, "num_statements": 2, "percent_covered": 100.0, "percent_covered_display": "100", "missing_lines": 0, "excluded_lines": 0, "num_branches": 0, "num_partial_branches": 0, "covered_branches": 0, "missing_branches": 0}, "missing_lines": [], "excluded_lines": [], "executed_branches": [], "missing_branches": []}, "_CascadeDictView.__repr__": {"executed_lines": [655], "summary": {"covered_lines": 1, "num_statements": 1, "percent_covered": 100.0, "percent_covered_display": "100", "missing_lines": 0, "excluded_lines": 0, "num_branches": 0, "num_partial_branches": 0, "covered_branches": 0, "missing_branches": 0}, "missing_lines": [], "excluded_lines": [], "executed_branches": [], "missing_branches": []}, "CascadeDict.__init__": {"executed_lines": [676, 677, 678, 679, 680, 682], "summary": {"covered_lines": 6, "num_statements": 6, "percent_covered": 100.0, "percent_covered_display": "100", "missing_lines": 0, "excluded_lines": 0, "num_branches": 2, "num_partial_branches": 0, "covered_branches": 2, "missing_branches": 0}, "missing_lines": [], "excluded_lines": [], "executed_branches": [[679, 680], [679, 682]], "missing_branches": []}, "CascadeDict._reset_to": {"executed_lines": [685, 686], "summary": {"covered_lines": 2, "num_statements": 2, "percent_covered": 100.0, "percent_covered_display": "100", "missing_lines": 0, "excluded_lines": 0, "num_branches": 0, "num_partial_branches": 0, "covered_branches": 0, "missing_branches": 0}, "missing_lines": [], "excluded_lines": [], "executed_branches": [], "missing_branches": []}, "CascadeDict.compact": {"executed_lines": [690], "summary": {"covered_lines": 1, "num_statements": 1, "percent_covered": 100.0, "percent_covered_display": "100", "missing_lines": 0, "excluded_lines": 0, "num_branches": 0, "num_partial_branches": 0, "covered_branches": 0, "missing_branches": 0}, "missing_lines": [], "excluded_lines": [], "executed_branches": [], "missing_branches": []}, "CascadeDict.__setitem__": {"executed_lines": [694, 695], "summary": {"covered_lines": 2, "num_statements": 2, "percent_covered": 100.0, "percent_covered_display": "100", "missing_lines": 0, "excluded_lines": 0, "num_branches": 0, "num_partial_branches": 0, "covered_branches": 0, "missing_branches": 0}, "missing_lines": [], "excluded_lines": [], "executed_branches": [], "missing_branches": []}, "CascadeDict.__delitem__": {"executed_lines": [698, 699, 700], "summary": {"covered_lines": 3, "num_statements": 3, "percent_covered": 100.0, "percent_covered_display": "100", "missing_lines": 0, "excluded_lines": 0, "num_branches": 0, "num_partial_branches": 0, "covered_branches": 0, "missing_branches": 0}, "missing_lines": [], "excluded_lines": [], "executed_branches": [], "missing_branches": []}, "CascadeDict.update": {"executed_lines": [703, 704, 705], "summary": {"covered_lines": 3, "num_statements": 3, "percent_covered": 100.0, "percent_covered_display": "100", "missing_lines": 0, "excluded_lines": 0, "num_branches": 0, "num_partial_branches": 0, "covered_branches": 0, "missing_branches": 0}, "missing_lines": [], "excluded_lines": [], "executed_branches": [], "missing_branches": []}, "CascadeDict.pop": {"executed_lines": [710, 711, 712, 713, 714, 715, 716], "summary": {"covered_lines": 7, "num_statements": 7, "percent_covered": 100.0, "percent_covered_display": "100", "missing_lines": 0, "excluded_lines": 0, "num_branches": 4, "num_partial_branches": 0, "covered_branches": 4, "missing_branches": 0}, "missing_lines": [], "excluded_lines": [], "executed_branches": [[710, 711], [710, 714], [711, 712], [711, 713]], "missing_branches": []}, "CascadeDict.popitem": {"executed_lines": [719, 720, 721], "summary": {"covered_lines": 3, "num_statements": 3, "percent_covered": 100.0, "percent_covered_display": "100", "missing_lines": 0, "excluded_lines": 0, "num_branches": 0, "num_partial_branches": 0, "covered_branches": 0, "missing_branches": 0}, "missing_lines": [], "excluded_lines": [], "executed_branches": [], "missing_branches": []}, "CascadeDict.clear": {"executed_lines": [724, 725, 726], "summary": {"covered_lines": 3, "num_statements": 3, "percent_covered": 100.0, "percent_covered_display": "100", "missing_lines": 0, "excluded_lines": 0, "num_branches": 0, "num_partial_branches": 0, "covered_branches": 0, "missing_branches": 0}, "missing_lines": [], "excluded_lines": [], "executed_branches": [], "missing_branches": []}, "CascadeDict.setdefault": {"executed_lines": [729, 730, 731, 732], "summary": {"covered_lines": 4, "num_statements": 4, "percent_covered": 100.0, "percent_covered_display": "100", "missing_lines": 0, "excluded_lines": 0, "num_branches": 2, "num_partial_branches": 0, "covered_branches": 2, "missing_branches": 0}, "missing_lines": [], "excluded_lines": [], "executed_branches": [[729, 730], [729, 731]], "missing_branches": []}, "CascadeDict.__ior__": {"executed_lines": [735, 736], "summary": {"covered_lines": 2, "num_statements": 2, "percent_covered": 100.0, "percent_covered_display": "100", "missing_lines": 0, "excluded_lines": 0, "num_branches": 0, "num_partial_branches": 0, "covered_branches": 0, "missing_branches": 0}, "missing_lines": [], "excluded_lines": [], "executed_branches": [], "missing_branches": []}, "CascadeDict.keys": {"executed_lines": [740], "summary": {"covered_lines": 1, "num_statements": 1, "percent_covered": 100.0, "percent_covered_display": "100", "missing_lines": 0, "excluded_lines": 0, "num_branches": 0, "num_partial_branches": 0, "covered_branches": 0, "missing_branches": 0}, "missing_lines": [], "excluded_lines": [], "executed_branches": [], "missing_branches": []}, "CascadeDict.values": {"executed_lines": [743], "summary": {"covered_lines": 1, "num_statements": 1, "percent_covered": 100.0, "percent_covered_display": "100", "missing_lines": 0, "excluded_lines": 0, "num_branches": 0, "num_partial_branches": 0, "covered_branches": 0, "missing_branches": 0}, "missing_lines": [], "excluded_lines": [], "executed_branches": [], "missing_branches": []}, "CascadeDict.items": {"executed_lines": [746], "summary": {"covered_lines": 1, "num_statements": 1, "percent_covered": 100.0, "percent_covered_display": "100", "missing_lines": 0, "excluded_lines": 0, "num_branches": 0, "num_partial_branches": 0, "covered_branches": 0, "missing_branches": 0}, "missing_lines": [], "excluded_lines": [], "executed_branches": [], "missing_branches": []}, "CascadeDict.__iter__": {"executed_lines": [750, 751], "summary": {"covered_lines": 2, "num_statements": 2, "percent_covered": 100.0, "percent_covered_display": "100", "missing_lines": 0, "excluded_lines": 0, "num_branches": 0, "num_partial_branches": 0, "covered_branches": 0, "missing_branches": 0}, "missing_lines": [], "excluded_lines": [], "executed_branches": [], "missing_branches": []}, "CascadeDict.__reversed__": {"executed_lines": [754, 755], "summary": {"covered_lines": 2, "num_statements": 2, "percent_covered": 100.0, "percent_covered_display": "100", "missing_lines": 0, "excluded_lines": 0, "num_branches": 0, "num_partial_branches": 0, "covered_branches": 0, "missing_branches": 0}, "missing_lines": [], "excluded_lines": [], "executed_branches": [], "missing_branches": []}, "CascadeDict.__len__": {"executed_lines": [758, 759], "summary": {"covered_lines": 2, "num_statements": 2, "percent_covered": 100.0, "percent_covered_display": "100", "missing_lines": 0, "excluded_lines": 0, "num_branches": 0, "num_partial_branches": 0, "covered_branches": 0, "missing_branches": 0}, "missing_lines": [], "excluded_lines": [], "executed_branches": [], "missing_branches": []}, "CascadeDict.__getitem__": {"executed_lines": [762, 763], "summary": {"covered_lines": 2, "num_statements": 2, "percent_covered": 100.0, "percent_covered_display": "100", "missing_lines": 0, "excluded_lines": 0, "num_branches": 0, "num_partial_branches": 0, "covered_branches": 0, "missing_branches": 0}, "missing_lines": [], "excluded_lines": [], "executed_branches": [], "missing_branches": []}, "CascadeDict.__contains__": {"executed_lines": [766, 767], "summary": {"covered_lines": 2, "num_statements": 2, "percent_covered": 100.0, "percent_covered_display": "100", "missing_lines": 0, "excluded_lines": 0, "num_branches": 0, "num_partial_branches": 0, "covered_branches": 0, "missing_branches": 0}, "missing_lines": [], "excluded_lines": [], "executed_branches": [], "missing_branches": []}, "CascadeDict.get": {"executed_lines": [770, 771], "summary": {"covered_lines": 2, "num_statements": 2, "percent_covered": 100.0, "percent_covered_display": "100", "missing_lines": 0, "excluded_lines": 0, "num_branches": 0, "num_partial_branches": 0, "covered_branches": 0, "missing_branches": 0}, "missing_lines": [], "excluded_lines": [], "executed_branches": [], "missing_branches": []}, "": {"executed_lines": [1, 30, 32, 33, 34, 35, 37, 39, 40, 41, 43, 46, 47, 55, 62, 69, 70, 74, 81, 97, 134, 141, 142, 144, 217, 222, 226, 257, 262, 287, 288, 295, 313, 317, 321, 326, 332, 336, 342, 347, 353, 360, 369, 378, 401, 419, 429, 432, 445, 449, 459, 463, 467, 471, 475, 479, 483, 487, 489, 494, 500, 501, 503, 519, 523, 527, 530, 534, 540, 544, 550, 555, 560, 569, 578, 584, 594, 598, 602, 606, 611, 615, 619, 624, 625, 631, 635, 638, 642, 646, 650, 654, 658, 659, 665, 667, 684, 688, 693, 697, 702, 709, 718, 723, 728, 734, 739, 742, 745, 749, 753, 757, 761, 765, 769, 774], "summary": {"covered_lines": 109, "num_statements": 109, "percent_covered": 100.0, "percent_covered_display": "100", "missing_lines": 0, "excluded_lines": 0, "num_branches": 0, "num_partial_branches": 0, "covered_branches": 0, "missing_branches": 0}, "missing_lines": [], "excluded_lines": [], "executed_branches": [], "missing_branches": []}}, "classes": {"DiffLog": {"executed_lines": [56, 57, 58, 59, 60, 63, 64, 65, 66, 67, 71, 72, 75, 76, 77, 78, 79, 88, 89, 93, 94, 95, 103, 104, 105, 106, 107, 108, 109, 110, 111, 112, 113, 115, 116, 117, 118, 119, 120, 121, 123, 124, 125, 126, 127, 128, 130, 131], "summary": {"covered_lines": 48, "num_statements": 49, "percent_covered": 97.26027397260275, "percent_covered_display": "97", "missing_lines": 1, "excluded_lines": 0, "num_branches": 24, "num_partial_branches": 1, "covered_branches": 23, "missing_branches": 1}, "missing_lines": [90], "excluded_lines": [], "executed_branches": [[63, 64], [63, 65], [65, 66], [65, 67], [89, 93], [105, 106], [105, 117], [107, 108], [107, 116], [109, 110], [109, 111], [111, 112], [111, 115], [117, 118], [117, 125], [119, 120], [119, 124], [120, 121], [120, 123], [126, 127], [126, 131], [127, 128], [127, 130]], "missing_branches": [[89, 90]]}, "_CollectionCore": {"executed_lines": [151, 152, 153, 154, 155, 156, 157, 158, 162, 163, 164, 165, 166, 167, 168, 170, 171, 172, 173, 176, 179, 190, 191, 196, 197, 200, 201, 202, 203, 204, 205, 206, 207, 209, 212, 213, 214, 215, 219, 220, 224, 227, 228, 229, 230, 231, 232, 236, 237, 240, 243, 244, 245, 248, 249, 250, 251, 255, 259, 260, 264, 266, 267, 268, 269, 270, 276, 277, 284], "summary": {"covered_lines": 69, "num_statements": 78, "percent_covered": 89.28571428571429, "percent_covered_display": "89", "missing_lines": 9, "excluded_lines": 0, "num_branches": 34, "num_partial_branches": 3, "covered_branches": 31, "missing_branches": 3}, "missing_lines": [199, 210, 241, 242, 265, 278, 279, 280, 281], "excluded_lines": [], "executed_branches": [[155, 156], [155, 157], [170, 171], [170, 206], [172, 173], [172, 176], [176, 179], [176, 190], [190, 191], [200, 201], [200, 205], [203, 200], [203, 204], [206, 207], [206, 209], [219, -217], [219, 220], [227, 228], [227, 229], [230, 231], [230, 232], [232, 236], [232, 248], [248, 249], [248, 250], [251, -226], [251, 255], [259, 260], [264, 266], [268, 269], [268, 270]], "missing_branches": [[190, 199], [259, -257], [264, 265]]}, "CascadeList": {"executed_lines": [303, 304, 305, 306, 307, 308, 310, 311, 314, 315, 319, 322, 323, 324, 327, 328, 329, 333, 334, 337, 338, 339, 340, 343, 344, 345, 348, 349, 350, 351, 354, 355, 356, 357, 358, 361, 365, 366, 367, 370, 371, 372, 373, 374, 375, 376, 379, 380, 381, 382, 383, 384, 390, 391, 395, 396, 397, 398, 399, 402, 403, 404, 408, 409, 410, 411, 412, 413, 414, 415, 416, 417, 422, 423, 427, 430, 433, 437, 438, 439, 440, 441, 442, 443, 446, 447, 450, 451, 453, 454, 455, 456, 460, 461, 464, 465, 468, 469, 472, 473, 476, 477, 480, 481, 484, 485, 490, 491], "summary": {"covered_lines": 108, "num_statements": 108, "percent_covered": 100.0, "percent_covered_display": "100", "missing_lines": 0, "excluded_lines": 0, "num_branches": 18, "num_partial_branches": 0, "covered_branches": 18, "missing_branches": 0}, "missing_lines": [], "excluded_lines": [], "executed_branches": [[306, 307], [306, 310], [370, 371], [370, 373], [382, 383], [382, 391], [396, 397], [396, 398], [402, 403], [402, 413], [409, 410], [409, 411], [440, 441], [440, 443], [450, 451], [450, 453], [454, 455], [454, 456]], "missing_branches": []}, "CascadeSet": {"executed_lines": [511, 512, 513, 514, 515, 517, 520, 521, 528, 531, 535, 536, 537, 538, 541, 542, 545, 546, 547, 548, 551, 552, 553, 556, 557, 558, 561, 562, 563, 564, 565, 566, 567, 570, 571, 572, 573, 574, 575, 576, 579, 580, 581, 582, 585, 586, 587, 588, 589, 595, 596, 599, 600, 603, 604, 607, 608, 612, 613, 616, 617, 620, 621], "summary": {"covered_lines": 63, "num_statements": 64, "percent_covered": 98.78048780487805, "percent_covered_display": "99", "missing_lines": 1, "excluded_lines": 0, "num_branches": 18, "num_partial_branches": 0, "covered_branches": 18, "missing_branches": 0}, "missing_lines": [525], "excluded_lines": [], "executed_branches": [[514, 515], [514, 517], [535, 536], [535, 537], [545, 546], [545, 547], [562, 563], [562, 567], [563, 562], [563, 564], [564, 563], [564, 565], [571, 572], [571, 576], [572, 571], [572, 573], [573, 572], [573, 574]], "missing_branches": []}, "_CascadeDictView": {"executed_lines": [632, 633, 636, 639, 640, 643, 644, 647, 648, 651, 652, 655], "summary": {"covered_lines": 12, "num_statements": 12, "percent_covered": 100.0, "percent_covered_display": "100", "missing_lines": 0, "excluded_lines": 0, "num_branches": 0, "num_partial_branches": 0, "covered_branches": 0, "missing_branches": 0}, "missing_lines": [], "excluded_lines": [], "executed_branches": [], "missing_branches": []}, "CascadeDict": {"executed_lines": [676, 677, 678, 679, 680, 682, 685, 686, 690, 694, 695, 698, 699, 700, 703, 704, 705, 710, 711, 712, 713, 714, 715, 716, 719, 720, 721, 724, 725, 726, 729, 730, 731, 732, 735, 736, 740, 743, 746, 750, 751, 754, 755, 758, 759, 762, 763, 766, 767, 770, 771], "summary": {"covered_lines": 51, "num_statements": 51, "percent_covered": 100.0, "percent_covered_display": "100", "missing_lines": 0, "excluded_lines": 0, "num_branches": 8, "num_partial_branches": 0, "covered_branches": 8, "missing_branches": 0}, "missing_lines": [], "excluded_lines": [], "executed_branches": [[679, 680], [679, 682], [710, 711], [710, 714], [711, 712], [711, 713], [729, 730], [729, 731]], "missing_branches": []}, "": {"executed_lines": [1, 30, 32, 33, 34, 35, 37, 39, 40, 41, 43, 46, 47, 55, 62, 69, 70, 74, 81, 97, 134, 135, 136, 137, 141, 142, 144, 217, 222, 226, 257, 262, 287, 288, 295, 313, 317, 321, 326, 332, 336, 342, 347, 353, 360, 369, 378, 401, 419, 429, 432, 445, 449, 459, 463, 467, 471, 475, 479, 483, 487, 489, 494, 495, 496, 497, 500, 501, 503, 519, 523, 527, 530, 534, 540, 544, 550, 555, 560, 569, 578, 584, 594, 598, 602, 606, 611, 615, 619, 624, 625, 631, 635, 638, 642, 646, 650, 654, 658, 659, 665, 667, 684, 688, 693, 697, 702, 709, 718, 723, 728, 734, 739, 742, 745, 749, 753, 757, 761, 765, 769, 774], "summary": {"covered_lines": 115, "num_statements": 116, "percent_covered": 98.36065573770492, "percent_covered_display": "98", "missing_lines": 1, "excluded_lines": 0, "num_branches": 6, "num_partial_branches": 1, "covered_branches": 5, "missing_branches": 1}, "missing_lines": [138], "excluded_lines": [], "executed_branches": [[135, 136], [136, 135], [136, 
[...]
ngine.submit.run": {"executed_lines": [397], "summary": {"covered_lines": 1, "num_statements": 1, "percent_covered": 100.0, "percent_covered_display": "100", "missing_lines": 0, "excluded_lines": 0, "num_branches": 0, "num_partial_branches": 0, "covered_branches": 0, "missing_branches": 0}, "missing_lines": [], "excluded_lines": [], "executed_branches": [], "missing_branches": []}, "Engine.compute_many": {"executed_lines": [418, 419, 420, 421, 422, 424, 425, 427, 428, 429, 439, 440, 441, 442, 443, 444, 445, 447, 448], "summary": {"covered_lines": 19, "num_statements": 20, "percent_covered": 94.44444444444444, "percent_covered_display": "94", "missing_lines": 1, "excluded_lines": 0, "num_branches": 16, "num_partial_branches": 1, "covered_branches": 15, "missing_branches": 1}, "missing_lines": [446], "excluded_lines": [], "executed_branches": [[418, 419], [418, 420], [424, 425], [424, 427], [428, 429], [428, 439], [440, 441], [440, 448], [441, 442], [441, 448], [442, 443], [442, 444], [444, 441], [444, 445], [445, 447]], "missing_branches": [[445, 446]]}, "Engine.compute_many_stream": {"executed_lines": [468, 469, 471, 472, 475, 477, 478, 479, 480, 488, 490, 491, 492, 493, 494, 495, 497, 498, 499, 500, 501, 502, 504], "summary": {"covered_lines": 23, "num_statements": 24, "percent_covered": 95.0, "percent_covered_display": "95", "missing_lines": 1, "excluded_lines": 0, "num_branches": 16, "num_partial_branches": 1, "covered_branches": 15, "missing_branches": 1}, "missing_lines": [503], "excluded_lines": [], "executed_branches": [[468, 469], [468, 471], [479, 480], [479, 490], [490, 491], [490, 497], [497, -450], [497, 498], [498, -450], [498, 499], [499, 500], [499, 501], [501, 498], [501, 502], [502, 504]], "missing_branches": [[502, 503]]}, "Engine.traces": {"executed_lines": [507], "summary": {"covered_lines": 1, "num_statements": 1, "percent_covered": 100.0, "percent_covered_display": "100", "missing_lines": 0, "excluded_lines": 0, "num_branches": 0, "num_partial_branches": 0, "covered_branches": 0, "missing_branches": 0}, "missing_lines": [], "excluded_lines": [], "executed_branches": [], "missing_branches": []}, "Engine.clear_traces": {"executed_lines": [510], "summary": {"covered_lines": 1, "num_statements": 1, "percent_covered": 100.0, "percent_covered_display": "100", "missing_lines": 0, "excluded_lines": 0, "num_branches": 0, "num_partial_branches": 0, "covered_branches": 0, "missing_branches": 0}, "missing_lines": [], "excluded_lines": [], "executed_branches": [], "missing_branches": []}, "Engine.inspect_graph": {"executed_lines": [513, 514, 515, 516, 517, 520, 521], "summary": {"covered_lines": 7, "num_statements": 7, "percent_covered": 100.0, "percent_covered_display": "100", "missing_lines": 0, "excluded_lines": 0, "num_branches": 2, "num_partial_branches": 0, "covered_branches": 2, "missing_branches": 0}, "missing_lines": [], "excluded_lines": [], "executed_branches": [[515, 516], [515, 521]], "missing_branches": []}, "Engine.inspect_pipelines": {"executed_lines": [525], "summary": {"covered_lines": 1, "num_statements": 1, "percent_covered": 100.0, "percent_covered_display": "100", "missing_lines": 0, "excluded_lines": 0, "num_branches": 0, "num_partial_branches": 0, "covered_branches": 0, "missing_branches": 0}, "missing_lines": [], "excluded_lines": [], "executed_branches": [], "missing_branches": []}, "Engine.subgraph": {"executed_lines": [545], "summary": {"covered_lines": 1, "num_statements": 1, "percent_covered": 100.0, "percent_covered_display": "100", "missing_lines": 0, "excluded_lines": 0, "num_branches": 0, "num_partial_branches": 0, "covered_branches": 0, "missing_branches": 0}, "missing_lines": [], "excluded_lines": [], "executed_branches": [], "missing_branches": []}, "Engine.enable_stats": {"executed_lines": [548], "summary": {"covered_lines": 1, "num_statements": 1, "percent_covered": 100.0, "percent_covered_display": "100", "missing_lines": 0, "excluded_lines": 0, "num_branches": 0, "num_partial_branches": 0, "covered_branches": 0, "missing_branches": 0}, "missing_lines": [], "excluded_lines": [], "executed_branches": [], "missing_branches": []}, "Engine.stats_summary": {"executed_lines": [551], "summary": {"covered_lines": 1, "num_statements": 1, "percent_covered": 100.0, "percent_covered_display": "100", "missing_lines": 0, "excluded_lines": 0, "num_branches": 0, "num_partial_branches": 0, "covered_branches": 0, "missing_branches": 0}, "missing_lines": [], "excluded_lines": [], "executed_branches": [], "missing_branches": []}, "Engine.reset_stats": {"executed_lines": [554], "summary": {"covered_lines": 1, "num_statements": 1, "percent_covered": 100.0, "percent_covered_display": "100", "missing_lines": 0, "excluded_lines": 0, "num_branches": 0, "num_partial_branches": 0, "covered_branches": 0, "missing_branches": 0}, "missing_lines": [], "excluded_lines": [], "executed_branches": [], "missing_branches": []}, "Engine.access_id": {"executed_lines": [559], "summary": {"covered_lines": 1, "num_statements": 1, "percent_covered": 100.0, "percent_covered_display": "100", "missing_lines": 0, "excluded_lines": 0, "num_branches": 0, "num_partial_branches": 0, "covered_branches": 0, "missing_branches": 0}, "missing_lines": [], "excluded_lines": [], "executed_branches": [], "missing_branches": []}, "Engine.sweep_unaccessed": {"executed_lines": [563], "summary": {"covered_lines": 1, "num_statements": 1, "percent_covered": 100.0, "percent_covered_display": "100", "missing_lines": 0, "excluded_lines": 0, "num_branches": 0, "num_partial_branches": 0, "covered_branches": 0, "missing_branches": 0}, "missing_lines": [], "excluded_lines": [], "executed_branches": [], "missing_branches": []}, "Engine.prune": {"executed_lines": [571, 572, 573, 574], "summary": {"covered_lines": 4, "num_statements": 4, "percent_covered": 100.0, "percent_covered_display": "100", "missing_lines": 0, "excluded_lines": 0, "num_branches": 2, "num_partial_branches": 0, "covered_branches": 2, "missing_branches": 0}, "missing_lines": [], "excluded_lines": [], "executed_branches": [[573, -565], [573, 574]], "missing_branches": []}, "Engine.save": {"executed_lines": [577], "summary": {"covered_lines": 1, "num_statements": 1, "percent_covered": 100.0, "percent_covered_display": "100", "missing_lines": 0, "excluded_lines": 0, "num_branches": 0, "num_partial_branches": 0, "covered_branches": 0, "missing_branches": 0}, "missing_lines": [], "excluded_lines": [], "executed_branches": [], "missing_branches": []}, "Engine.load": {"executed_lines": [580, 581, 582, 583], "summary": {"covered_lines": 4, "num_statements": 4, "percent_covered": 100.0, "percent_covered_display": "100", "missing_lines": 0, "excluded_lines": 0, "num_branches": 2, "num_partial_branches": 0, "covered_branches": 2, "missing_branches": 0}, "missing_lines": [], "excluded_lines": [], "executed_branches": [[581, 582], [581, 583]], "missing_branches": []}, "Engine._function_id": {"executed_lines": [587], "summary": {"covered_lines": 1, "num_statements": 1, "percent_covered": 100.0, "percent_covered_display": "100", "missing_lines": 0, "excluded_lines": 0, "num_branches": 0, "num_partial_branches": 0, "covered_branches": 0, "missing_branches": 0}, "missing_lines": [], "excluded_lines": [], "executed_branches": [], "missing_branches": []}, "Engine._trace_event": {"executed_lines": [590], "summary": {"covered_lines": 1, "num_statements": 1, "percent_covered": 100.0, "percent_covered_display": "100", "missing_lines": 0, "excluded_lines": 0, "num_branches": 0, "num_partial_branches": 0, "covered_branches": 0, "missing_branches": 0}, "missing_lines": [], "excluded_lines": [], "executed_branches": [], "missing_branches": []}, "Engine._key_to_str": {"executed_lines": [593], "summary": {"covered_lines": 1, "num_statements": 1, "percent_covered": 100.0, "percent_covered_display": "100", "missing_lines": 0, "excluded_lines": 0, "num_branches": 0, "num_partial_branches": 0, "covered_branches": 0, "missing_branches": 0}, "missing_lines": [], "excluded_lines": [], "executed_branches": [], "missing_branches": []}, "Engine._stable_hash": {"executed_lines": [596], "summary": {"covered_lines": 1, "num_statements": 1, "percent_covered": 100.0, "percent_covered_display": "100", "missing_lines": 0, "excluded_lines": 0, "num_branches": 0, "num_partial_branches": 0, "covered_branches": 0, "missing_branches": 0}, "missing_lines": [], "excluded_lines": [], "executed_branches": [], "missing_branches": []}, "Engine._set_input": {"executed_lines": [606], "summary": {"covered_lines": 1, "num_statements": 1, "percent_covered": 100.0, "percent_covered_display": "100", "missing_lines": 0, "excluded_lines": 0, "num_branches": 0, "num_partial_branches": 0, "covered_branches": 0, "missing_branches": 0}, "missing_lines": [], "excluded_lines": [], "executed_branches": [], "missing_branches": []}, "Engine._set_inputs": {"executed_lines": [616], "summary": {"covered_lines": 1, "num_statements": 1, "percent_covered": 100.0, "percent_covered_display": "100", "missing_lines": 0, "excluded_lines": 0, "num_branches": 0, "num_partial_branches": 0, "covered_branches": 0, "missing_branches": 0}, "missing_lines": [], "excluded_lines": [], "executed_branches": [], "missing_branches": []}, "Engine._read_input": {"executed_lines": [626], "summary": {"covered_lines": 1, "num_statements": 1, "percent_covered": 100.0, "percent_covered_display": "100", "missing_lines": 0, "excluded_lines": 0, "num_branches": 0, "num_partial_branches": 0, "covered_branches": 0, "missing_branches": 0}, "missing_lines": [], "excluded_lines": [], "executed_branches": [], "missing_branches": []}, "Engine._read_input_async": {"executed_lines": [636], "summary": {"covered_lines": 1, "num_statements": 1, "percent_covered": 100.0, "percent_covered_display": "100", "missing_lines": 0, "excluded_lines": 0, "num_branches": 0, "num_partial_branches": 0, "covered_branches": 0, "missing_branches": 0}, "missing_lines": [], "excluded_lines": [], "executed_branches": [], "missing_branches": []}, "Engine._check_cancelled": {"executed_lines": [641], "summary": {"covered_lines": 1, "num_statements": 1, "percent_covered": 100.0, "percent_covered_display": "100", "missing_lines": 0, "excluded_lines": 0, "num_branches": 0, "num_partial_branches": 0, "covered_branches": 0, "missing_branches": 0}, "missing_lines": [], "excluded_lines": [], "executed_branches": [], "missing_branches": []}, "Engine._query_call": {"executed_lines": [653], "summary": {"covered_lines": 1, "num_statements": 1, "percent_covered": 100.0, "percent_covered_display": "100", "missing_lines": 0, "excluded_lines": 0, "num_branches": 0, "num_partial_branches": 0, "covered_branches": 0, "missing_branches": 0}, "missing_lines": [], "excluded_lines": [], "executed_branches": [], "missing_branches": []}, "Engine._query_call_async": {"executed_lines": [672], "summary": {"covered_lines": 1, "num_statements": 1, "percent_covered": 100.0, "percent_covered_display": "100", "missing_lines": 0, "excluded_lines": 0, "num_branches": 0, "num_partial_branches": 0, "covered_branches": 0, "missing_branches": 0}, "missing_lines": [], "excluded_lines": [], "executed_branches": [], "missing_branches": []}, "Engine._compute_or_get_memo": {"executed_lines": [687], "summary": {"covered_lines": 1, "num_statements": 1, "percent_covered": 100.0, "percent_covered_display": "100", "missing_lines": 0, "excluded_lines": 0, "num_branches": 0, "num_partial_branches": 0, "covered_branches": 0, "missing_branches": 0}, "missing_lines": [], "excluded_lines": [], "executed_branches": [], "missing_branches": []}, "Engine._try_mark_green": {"executed_lines": [692], "summary": {"covered_lines": 1, "num_statements": 1, "percent_covered": 100.0, "percent_covered_display": "100", "missing_lines": 0, "excluded_lines": 0, "num_branches": 0, "num_partial_branches": 0, "covered_branches": 0, "missing_branches": 0}, "missing_lines": [], "excluded_lines": [], "executed_branches": [], "missing_branches": []}, "Engine._recompute": {"executed_lines": [697], "summary": {"covered_lines": 1, "num_statements": 1, "percent_covered": 100.0, "percent_covered_display": "100", "missing_lines": 0, "excluded_lines": 0, "num_branches": 0, "num_partial_branches": 0, "covered_branches": 0, "missing_branches": 0}, "missing_lines": [], "excluded_lines": [], "executed_branches": [], "missing_branches": []}, "Engine._record_dependency": {"executed_lines": [700], "summary": {"covered_lines": 1, "num_statements": 1, "percent_covered": 100.0, "percent_covered_display": "100", "missing_lines": 0, "excluded_lines": 0, "num_branches": 0, "num_partial_branches": 0, "covered_branches": 0, "missing_branches": 0}, "missing_lines": [], "excluded_lines": [], "executed_branches": [], "missing_branches": []}, "Engine._replay_effects": {"executed_lines": [703], "summary": {"covered_lines": 1, "num_statements": 1, "percent_covered": 100.0, "percent_covered_display": "100", "missing_lines": 0, "excluded_lines": 0, "num_branches": 0, "num_partial_branches": 0, "covered_branches": 0, "missing_branches": 0}, "missing_lines": [], "excluded_lines": [], "executed_branches": [], "missing_branches": []}, "Engine._push_effect": {"executed_lines": [706], "summary": {"covered_lines": 1, "num_statements": 1, "percent_covered": 100.0, "percent_covered_display": "100", "missing_lines": 0, "excluded_lines": 0, "num_branches": 0, "num_partial_branches": 0, "covered_branches": 0, "missing_branches": 0}, "missing_lines": [], "excluded_lines": [], "executed_branches": [], "missing_branches": []}, "": {"executed_lines": [1, 3, 4, 5, 6, 7, 8, 9, 12, 13, 14, 15, 16, 17, 18, 19, 20, 21, 22, 24, 26, 29, 33, 45, 46, 51, 57, 64, 69, 70, 76, 96, 111, 112, 115, 119, 120, 126, 155, 156, 159, 160, 163, 167, 168, 172, 175, 179, 180, 186, 190, 191, 194, 195, 198, 203, 208, 211, 212, 215, 216, 219, 220, 225, 226, 229, 230, 233, 234, 237, 238, 242, 245, 247, 288, 289, 292, 295, 296, 299, 307, 310, 315, 349, 352, 367, 375, 410, 450, 506, 509, 512, 523, 527, 547, 550, 553, 556, 557, 561, 565, 576, 579, 586, 589, 592, 595, 598, 610, 618, 628, 640, 643, 662, 681, 689, 694, 699, 702, 705], "summary": {"covered_lines": 119, "num_statements": 119, "percent_covered": 100.0, "percent_covered_display": "100", "missing_lines": 0, "excluded_lines": 0, "num_branches": 0, "num_partial_branches": 0, "covered_branches": 0, "missing_branches": 0}, "missing_lines": [], "excluded_lines": [], "executed_branches": [], "missing_branches": []}}, "classes": {"EngineTransaction": {"executed_lines": [47, 48, 49, 52, 53, 54, 55, 58, 59, 60, 61], "summary": {"covered_lines": 11, "num_statements": 11, "percent_covered": 94.11764705882354, "percent_covered_display": "94", "missing_lines": 0, "excluded_lines": 0, "num_branches": 6, "num_partial_branches": 1, "covered_branches": 5, "missing_branches": 1}, "missing_lines": [], "excluded_lines": [], "executed_branches": [[52, 53], [52, 54], [58, 59], [60, -57], [60, 61]], "missing_branches": [[58, 60]]}, "_InputHandle": {"executed_lines": [71, 72, 73, 74, 77, 78, 80, 81, 97, 98, 99, 100, 101, 102, 104, 105, 106, 107, 109, 113, 116], "summary": {"covered_lines": 21, "num_statements": 28, "percent_covered": 75.0, "percent_covered_display": "75", "missing_lines": 7, "excluded_lines": 0, "num_branches": 12, "num_partial_branches": 1, "covered_branches": 9, "missing_branches": 3}, "missing_lines": [85, 86, 87, 88, 91, 92, 94], "excluded_lines": [], "executed_branches": [[77, 78], [77, 80], [80, 81], [97, 98], [97, 104], [98, 99], [98, 100], [105, 106], [105, 109]], "missing_branches": [[80, 85], [85, 86], [85, 94]]}, "_QueryHandle": {"executed_lines": [121, 122, 123, 124, 132, 133, 137, 138, 142, 151, 157, 161, 164], "summary": {"covered_lines": 13, "num_statements": 18, "percent_covered": 75.0, "percent_covered_display": "75", "missing_lines": 5, "excluded_lines": 0, "num_branches": 6, "num_partial_branches": 1, "covered_branches": 5, "missing_branches": 1}, "missing_lines": [143, 144, 145, 148, 149], "excluded_lines": [], "executed_branches": [[132, 133], [132, 137], [137, 138], [137, 142], [142, 151]], "missing_branches": [[142, 143]]}, "Accumulator": {"executed_lines": [169, 170, 173, 176], "summary": {"covered_lines": 4, "num_statements": 4, "percent_covered": 100.0, "percent_covered_display": "100", "missing_lines": 0, "excluded_lines": 0, "num_branches": 0, "num_partial_branches": 0, "covered_branches": 0, "missing_branches": 0}, "missing_lines": [], "excluded_lines": [], "executed_branches": [], "missing_branches": []}, "_EngineInternals": {"executed_lines": [187, 188, 192, 196, 201, 206, 209, 213, 217, 223, 227], "summary": {"covered_lines": 11, "num_statements": 14, "percent_covered": 78.57142857142857, "percent_covered_display": "79", "missing_lines": 3, "excluded_lines": 0, "num_branches": 0, "num_partial_branches": 0, "covered_branches": 0, "missing_branches": 0}, "missing_lines": [231, 235, 239], "excluded_lines": [], "executed_branches": [], "missing_branches": []}, "Engine": {"executed_lines": [259, 262, 266, 267, 268, 269, 270, 271, 279, 282, 284, 285, 286, 290, 293, 297, 301, 302, 305, 308, 311, 312, 313, 325, 326, 327, 328, 329, 330, 331, 332, 333, 334, 343, 345, 346, 347, 350, 359, 360, 361, 362, 363, 364, 365, 368, 369, 370, 373, 392, 393, 394, 396, 397, 406, 407, 408, 418, 419, 420, 421, 422, 424, 425, 427, 428, 429, 439, 440, 441, 442, 443, 444, 445, 447, 448, 468, 469, 471, 472, 475, 477, 478, 479, 480, 488, 490, 491, 492, 493, 494, 495, 497, 498, 499, 500, 501, 502, 504, 507, 510, 513, 514, 515, 516, 517, 520, 521, 525, 545, 548, 551, 554, 559, 563, 571, 572, 573, 574, 577, 580, 581, 582, 583, 587, 590, 593, 596, 606, 616, 626, 636, 641, 653, 672, 687, 692, 697, 700, 703, 706], "summary": {"covered_lines": 141, "num_statements": 143, "percent_covered": 97.98994974874371, "percent_covered_display": "98", "missing_lines": 2, "excluded_lines": 0, "num_branches": 56, "num_partial_branches": 2, "covered_branches": 54, "missing_branches": 2}, "missing_lines": [446, 503], "excluded_lines": [], "executed_branches": [[268, 269], [268, 271], [301, 302], [301, 305], [328, 329], [328, 332], [330, 331], [330, 332], [345, 346], [345, 347], [362, 363], [362, 364], [364, -352], [364, 365], [369, 370], [369, 373], [406, 407], [406, 408], [418, 419], [418, 420], [424, 425], [424, 427], [428, 429], [428, 439], [440, 441], [440, 448], [441, 442], [441, 448], [442, 443], [442, 444], [444, 441], [444, 445], [445, 447], [468, 469], [468, 471], [479, 480], [479, 490], [490, 491], [490, 497], [497, -450], [497, 498], [498, -450], [498, 499], [499, 500], [499, 501], [501, 498], [501, 502], [502, 504], [515, 516], [515, 521], [573, -565], [573, 574], [581, 582], [581, 583]], "missing_branches": [[445, 446], [502, 503]]}, "": {"executed_lines": [1, 3, 4, 5, 6, 7, 8, 9, 12, 13, 14, 15, 16, 17, 18, 19, 20, 21, 22, 24, 26, 29, 30, 33, 45, 46, 51, 57, 64, 69, 70, 76, 96, 111, 112, 115, 119, 120, 126, 155, 156, 159, 160, 163, 167, 168, 172, 175, 179, 180, 186, 190, 191, 194, 195, 198, 203, 208, 211, 212, 215, 216, 219, 220, 225, 226, 229, 230, 233, 234, 237, 238, 242, 245, 247, 288, 289, 292, 295, 296, 299, 307, 310, 315, 349, 352, 367, 375, 410, 450, 506, 509, 512, 523, 527, 547, 550, 553, 556, 557, 561, 565, 576, 579, 586, 589, 592, 595, 598, 610, 618, 628, 640, 643, 662, 681, 689, 694, 699, 702, 705], "summary": {"covered_lines": 120, "num_statements": 120, "percent_covered": 100.0, "percent_covered_display": "100", "missing_lines": 0, "excluded_lines": 0, "num_branches": 0, "num_partial_branches": 0, "covered_branches": 0, "missing_branches": 0}, "missing_lines": [], "excluded_lines": [], "executed_branches": [], "missing_branches": []}}}}, "totals": {"covered_lines": 3034, "num_statements": 3152, "percent_covered": 95.08697696285849, "percent_covered_display": "95", "missing_lines": 118, "excluded_lines": 711, "num_branches": 1102, "num_partial_branches": 79, "covered_branches": 1011, "missing_branches": 91}}